<?xml version="1.0" encoding="UTF-8"?>
<!-- Generated by org.testng.reporters.JUnitXMLReporter -->
<testsuite hostname="LAPTOP-L2V0QH37" ignored="4" name="Default test(failed)" tests="1" failures="0" timestamp="10 Apr 2021 05:36:16 GMT" time="0.03" errors="0">
  <testcase name="tc2" time="0.01" classname="org.base.Practice"/>
  <testcase name="tc3" time="0.0" classname="org.base.Practice">
    <ignored/>
  </testcase> <!-- tc3 -->
  <testcase name="tc4" time="0.0" classname="org.base.Practice">
    <ignored/>
  </testcase> <!-- tc4 -->
  <testcase name="tc1" time="0.0" classname="org.base.Practice">
    <ignored/>
  </testcase> <!-- tc1 -->
  <testcase name="tc0" time="0.0" classname="org.base.Practice">
    <ignored/>
  </testcase> <!-- tc0 -->
</testsuite> <!-- Default test(failed) -->
