<?xml version="1.0" encoding="UTF-8"?>
<!-- Generated by org.testng.reporters.JUnitXMLReporter -->
<testsuite hostname="LAPTOP-L2V0QH37" ignored="0" name="Test" tests="1003" failures="1" timestamp="10 Apr 2021 06:27:12 GMT" time="1.093" errors="0">
  <testcase name="tc0" time="0.009" classname="org.base.Sample11"/>
  <testcase name="tc1" time="0.004" classname="org.base.Sample11">
    <skipped/>
  </testcase> <!-- tc1 -->
  <testcase name="tc1" time="0.001" classname="org.base.Sample11">
    <skipped/>
  </testcase> <!-- tc1 -->
  <testcase name="tc1" time="0.001" classname="org.base.Sample11">
    <skipped/>
  </testcase> <!-- tc1 -->
  <testcase name="tc1" time="0.002" classname="org.base.Sample11">
    <skipped/>
  </testcase> <!-- tc1 -->
  <testcase name="tc1" time="0.001" classname="org.base.Sample11">
    <skipped/>
  </testcase> <!-- tc1 -->
  <testcase name="tc1" time="0.001" classname="org.base.Sample11">
    <skipped/>
  </testcase> <!-- tc1 -->
  <testcase name="tc1" time="0.0" classname="org.base.Sample11">
    <skipped/>
  </testcase> <!-- tc1 -->
  <testcase name="tc1" time="0.001" classname="org.base.Sample11">
    <skipped/>
  </testcase> <!-- tc1 -->
  <testcase name="tc1" time="0.002" classname="org.base.Sample11">
    <skipped/>
  </testcase> <!-- tc1 -->
  <testcase name="tc1" time="0.001" classname="org.base.Sample11">
    <skipped/>
  </testcase> <!-- tc1 -->
  <testcase name="tc1" time="0.001" classname="org.base.Sample11">
    <skipped/>
  </testcase> <!-- tc1 -->
  <testcase name="tc1" time="0.001" classname="org.base.Sample11">
    <skipped/>
  </testcase> <!-- tc1 -->
  <testcase name="tc1" time="0.001" classname="org.base.Sample11">
    <skipped/>
  </testcase> <!-- tc1 -->
  <testcase name="tc1" time="0.001" classname="org.base.Sample11">
    <skipped/>
  </testcase> <!-- tc1 -->
  <testcase name="tc1" time="0.002" classname="org.base.Sample11">
    <skipped/>
  </testcase> <!-- tc1 -->
  <testcase name="tc1" time="0.001" classname="org.base.Sample11">
    <skipped/>
  </testcase> <!-- tc1 -->
  <testcase name="tc1" time="0.001" classname="org.base.Sample11">
    <skipped/>
  </testcase> <!-- tc1 -->
  <testcase name="tc1" time="0.001" classname="org.base.Sample11">
    <skipped/>
  </testcase> <!-- tc1 -->
  <testcase name="tc1" time="0.001" classname="org.base.Sample11">
    <skipped/>
  </testcase> <!-- tc1 -->
  <testcase name="tc1" time="0.001" classname="org.base.Sample11">
    <skipped/>
  </testcase> <!-- tc1 -->
  <testcase name="tc1" time="0.001" classname="org.base.Sample11">
    <skipped/>
  </testcase> <!-- tc1 -->
  <testcase name="tc1" time="0.002" classname="org.base.Sample11">
    <skipped/>
  </testcase> <!-- tc1 -->
  <testcase name="tc1" time="0.001" classname="org.base.Sample11">
    <skipped/>
  </testcase> <!-- tc1 -->
  <testcase name="tc1" time="0.001" classname="org.base.Sample11">
    <skipped/>
  </testcase> <!-- tc1 -->
  <testcase name="tc1" time="0.001" classname="org.base.Sample11">
    <skipped/>
  </testcase> <!-- tc1 -->
  <testcase name="tc1" time="0.0" classname="org.base.Sample11">
    <skipped/>
  </testcase> <!-- tc1 -->
  <testcase name="tc1" time="0.001" classname="org.base.Sample11">
    <skipped/>
  </testcase> <!-- tc1 -->
  <testcase name="tc1" time="0.002" classname="org.base.Sample11">
    <skipped/>
  </testcase> <!-- tc1 -->
  <testcase name="tc1" time="0.003" classname="org.base.Sample11">
    <skipped/>
  </testcase> <!-- tc1 -->
  <testcase name="tc1" time="0.0" classname="org.base.Sample11">
    <skipped/>
  </testcase> <!-- tc1 -->
  <testcase name="tc1" time="0.001" classname="org.base.Sample11">
    <skipped/>
  </testcase> <!-- tc1 -->
  <testcase name="tc1" time="0.0" classname="org.base.Sample11">
    <skipped/>
  </testcase> <!-- tc1 -->
  <testcase name="tc1" time="0.0" classname="org.base.Sample11">
    <skipped/>
  </testcase> <!-- tc1 -->
  <testcase name="tc1" time="0.001" classname="org.base.Sample11">
    <skipped/>
  </testcase> <!-- tc1 -->
  <testcase name="tc1" time="0.001" classname="org.base.Sample11">
    <skipped/>
  </testcase> <!-- tc1 -->
  <testcase name="tc1" time="0.001" classname="org.base.Sample11">
    <skipped/>
  </testcase> <!-- tc1 -->
  <testcase name="tc1" time="0.001" classname="org.base.Sample11">
    <skipped/>
  </testcase> <!-- tc1 -->
  <testcase name="tc1" time="0.001" classname="org.base.Sample11">
    <skipped/>
  </testcase> <!-- tc1 -->
  <testcase name="tc1" time="0.001" classname="org.base.Sample11">
    <skipped/>
  </testcase> <!-- tc1 -->
  <testcase name="tc1" time="0.001" classname="org.base.Sample11">
    <skipped/>
  </testcase> <!-- tc1 -->
  <testcase name="tc1" time="0.001" classname="org.base.Sample11">
    <skipped/>
  </testcase> <!-- tc1 -->
  <testcase name="tc1" time="0.001" classname="org.base.Sample11">
    <skipped/>
  </testcase> <!-- tc1 -->
  <testcase name="tc1" time="0.001" classname="org.base.Sample11">
    <skipped/>
  </testcase> <!-- tc1 -->
  <testcase name="tc1" time="0.001" classname="org.base.Sample11">
    <skipped/>
  </testcase> <!-- tc1 -->
  <testcase name="tc1" time="0.001" classname="org.base.Sample11">
    <skipped/>
  </testcase> <!-- tc1 -->
  <testcase name="tc1" time="0.001" classname="org.base.Sample11">
    <skipped/>
  </testcase> <!-- tc1 -->
  <testcase name="tc1" time="0.001" classname="org.base.Sample11">
    <skipped/>
  </testcase> <!-- tc1 -->
  <testcase name="tc1" time="0.001" classname="org.base.Sample11">
    <skipped/>
  </testcase> <!-- tc1 -->
  <testcase name="tc1" time="0.001" classname="org.base.Sample11">
    <skipped/>
  </testcase> <!-- tc1 -->
  <testcase name="tc1" time="0.002" classname="org.base.Sample11">
    <skipped/>
  </testcase> <!-- tc1 -->
  <testcase name="tc1" time="0.004" classname="org.base.Sample11">
    <skipped/>
  </testcase> <!-- tc1 -->
  <testcase name="tc1" time="0.002" classname="org.base.Sample11">
    <skipped/>
  </testcase> <!-- tc1 -->
  <testcase name="tc1" time="0.001" classname="org.base.Sample11">
    <skipped/>
  </testcase> <!-- tc1 -->
  <testcase name="tc1" time="0.001" classname="org.base.Sample11">
    <skipped/>
  </testcase> <!-- tc1 -->
  <testcase name="tc1" time="0.0" classname="org.base.Sample11">
    <skipped/>
  </testcase> <!-- tc1 -->
  <testcase name="tc1" time="0.001" classname="org.base.Sample11">
    <skipped/>
  </testcase> <!-- tc1 -->
  <testcase name="tc1" time="0.001" classname="org.base.Sample11">
    <skipped/>
  </testcase> <!-- tc1 -->
  <testcase name="tc1" time="0.001" classname="org.base.Sample11">
    <skipped/>
  </testcase> <!-- tc1 -->
  <testcase name="tc1" time="0.001" classname="org.base.Sample11">
    <skipped/>
  </testcase> <!-- tc1 -->
  <testcase name="tc1" time="0.001" classname="org.base.Sample11">
    <skipped/>
  </testcase> <!-- tc1 -->
  <testcase name="tc1" time="0.002" classname="org.base.Sample11">
    <skipped/>
  </testcase> <!-- tc1 -->
  <testcase name="tc1" time="0.002" classname="org.base.Sample11">
    <skipped/>
  </testcase> <!-- tc1 -->
  <testcase name="tc1" time="0.002" classname="org.base.Sample11">
    <skipped/>
  </testcase> <!-- tc1 -->
  <testcase name="tc1" time="0.001" classname="org.base.Sample11">
    <skipped/>
  </testcase> <!-- tc1 -->
  <testcase name="tc1" time="0.003" classname="org.base.Sample11">
    <skipped/>
  </testcase> <!-- tc1 -->
  <testcase name="tc1" time="0.002" classname="org.base.Sample11">
    <skipped/>
  </testcase> <!-- tc1 -->
  <testcase name="tc1" time="0.001" classname="org.base.Sample11">
    <skipped/>
  </testcase> <!-- tc1 -->
  <testcase name="tc1" time="0.001" classname="org.base.Sample11">
    <skipped/>
  </testcase> <!-- tc1 -->
  <testcase name="tc1" time="0.001" classname="org.base.Sample11">
    <skipped/>
  </testcase> <!-- tc1 -->
  <testcase name="tc1" time="0.0" classname="org.base.Sample11">
    <skipped/>
  </testcase> <!-- tc1 -->
  <testcase name="tc1" time="0.0" classname="org.base.Sample11">
    <skipped/>
  </testcase> <!-- tc1 -->
  <testcase name="tc1" time="0.001" classname="org.base.Sample11">
    <skipped/>
  </testcase> <!-- tc1 -->
  <testcase name="tc1" time="0.002" classname="org.base.Sample11">
    <skipped/>
  </testcase> <!-- tc1 -->
  <testcase name="tc1" time="0.001" classname="org.base.Sample11">
    <skipped/>
  </testcase> <!-- tc1 -->
  <testcase name="tc1" time="0.001" classname="org.base.Sample11">
    <skipped/>
  </testcase> <!-- tc1 -->
  <testcase name="tc1" time="0.001" classname="org.base.Sample11">
    <skipped/>
  </testcase> <!-- tc1 -->
  <testcase name="tc1" time="0.0" classname="org.base.Sample11">
    <skipped/>
  </testcase> <!-- tc1 -->
  <testcase name="tc1" time="0.001" classname="org.base.Sample11">
    <skipped/>
  </testcase> <!-- tc1 -->
  <testcase name="tc1" time="0.0" classname="org.base.Sample11">
    <skipped/>
  </testcase> <!-- tc1 -->
  <testcase name="tc1" time="0.001" classname="org.base.Sample11">
    <skipped/>
  </testcase> <!-- tc1 -->
  <testcase name="tc1" time="0.001" classname="org.base.Sample11">
    <skipped/>
  </testcase> <!-- tc1 -->
  <testcase name="tc1" time="0.001" classname="org.base.Sample11">
    <skipped/>
  </testcase> <!-- tc1 -->
  <testcase name="tc1" time="0.001" classname="org.base.Sample11">
    <skipped/>
  </testcase> <!-- tc1 -->
  <testcase name="tc1" time="0.0" classname="org.base.Sample11">
    <skipped/>
  </testcase> <!-- tc1 -->
  <testcase name="tc1" time="0.0" classname="org.base.Sample11">
    <skipped/>
  </testcase> <!-- tc1 -->
  <testcase name="tc1" time="0.001" classname="org.base.Sample11">
    <skipped/>
  </testcase> <!-- tc1 -->
  <testcase name="tc1" time="0.001" classname="org.base.Sample11">
    <skipped/>
  </testcase> <!-- tc1 -->
  <testcase name="tc1" time="0.001" classname="org.base.Sample11">
    <skipped/>
  </testcase> <!-- tc1 -->
  <testcase name="tc1" time="0.001" classname="org.base.Sample11">
    <skipped/>
  </testcase> <!-- tc1 -->
  <testcase name="tc1" time="0.001" classname="org.base.Sample11">
    <skipped/>
  </testcase> <!-- tc1 -->
  <testcase name="tc1" time="0.001" classname="org.base.Sample11">
    <skipped/>
  </testcase> <!-- tc1 -->
  <testcase name="tc1" time="0.001" classname="org.base.Sample11">
    <skipped/>
  </testcase> <!-- tc1 -->
  <testcase name="tc1" time="0.001" classname="org.base.Sample11">
    <skipped/>
  </testcase> <!-- tc1 -->
  <testcase name="tc1" time="0.001" classname="org.base.Sample11">
    <skipped/>
  </testcase> <!-- tc1 -->
  <testcase name="tc1" time="0.001" classname="org.base.Sample11">
    <skipped/>
  </testcase> <!-- tc1 -->
  <testcase name="tc1" time="0.001" classname="org.base.Sample11">
    <skipped/>
  </testcase> <!-- tc1 -->
  <testcase name="tc1" time="0.001" classname="org.base.Sample11">
    <skipped/>
  </testcase> <!-- tc1 -->
  <testcase name="tc1" time="0.0" classname="org.base.Sample11">
    <skipped/>
  </testcase> <!-- tc1 -->
  <testcase name="tc1" time="0.001" classname="org.base.Sample11">
    <skipped/>
  </testcase> <!-- tc1 -->
  <testcase name="tc1" time="0.001" classname="org.base.Sample11">
    <skipped/>
  </testcase> <!-- tc1 -->
  <testcase name="tc1" time="0.001" classname="org.base.Sample11">
    <skipped/>
  </testcase> <!-- tc1 -->
  <testcase name="tc1" time="0.001" classname="org.base.Sample11">
    <skipped/>
  </testcase> <!-- tc1 -->
  <testcase name="tc1" time="0.0" classname="org.base.Sample11">
    <skipped/>
  </testcase> <!-- tc1 -->
  <testcase name="tc1" time="0.001" classname="org.base.Sample11">
    <skipped/>
  </testcase> <!-- tc1 -->
  <testcase name="tc1" time="0.001" classname="org.base.Sample11">
    <skipped/>
  </testcase> <!-- tc1 -->
  <testcase name="tc1" time="0.001" classname="org.base.Sample11">
    <skipped/>
  </testcase> <!-- tc1 -->
  <testcase name="tc1" time="0.001" classname="org.base.Sample11">
    <skipped/>
  </testcase> <!-- tc1 -->
  <testcase name="tc1" time="0.001" classname="org.base.Sample11">
    <skipped/>
  </testcase> <!-- tc1 -->
  <testcase name="tc1" time="0.001" classname="org.base.Sample11">
    <skipped/>
  </testcase> <!-- tc1 -->
  <testcase name="tc1" time="0.001" classname="org.base.Sample11">
    <skipped/>
  </testcase> <!-- tc1 -->
  <testcase name="tc1" time="0.001" classname="org.base.Sample11">
    <skipped/>
  </testcase> <!-- tc1 -->
  <testcase name="tc1" time="0.0" classname="org.base.Sample11">
    <skipped/>
  </testcase> <!-- tc1 -->
  <testcase name="tc1" time="0.001" classname="org.base.Sample11">
    <skipped/>
  </testcase> <!-- tc1 -->
  <testcase name="tc1" time="0.002" classname="org.base.Sample11">
    <skipped/>
  </testcase> <!-- tc1 -->
  <testcase name="tc1" time="0.001" classname="org.base.Sample11">
    <skipped/>
  </testcase> <!-- tc1 -->
  <testcase name="tc1" time="0.0" classname="org.base.Sample11">
    <skipped/>
  </testcase> <!-- tc1 -->
  <testcase name="tc1" time="0.001" classname="org.base.Sample11">
    <skipped/>
  </testcase> <!-- tc1 -->
  <testcase name="tc1" time="0.001" classname="org.base.Sample11">
    <skipped/>
  </testcase> <!-- tc1 -->
  <testcase name="tc1" time="0.001" classname="org.base.Sample11">
    <skipped/>
  </testcase> <!-- tc1 -->
  <testcase name="tc1" time="0.001" classname="org.base.Sample11">
    <skipped/>
  </testcase> <!-- tc1 -->
  <testcase name="tc1" time="0.001" classname="org.base.Sample11">
    <skipped/>
  </testcase> <!-- tc1 -->
  <testcase name="tc1" time="0.001" classname="org.base.Sample11">
    <skipped/>
  </testcase> <!-- tc1 -->
  <testcase name="tc1" time="0.001" classname="org.base.Sample11">
    <skipped/>
  </testcase> <!-- tc1 -->
  <testcase name="tc1" time="0.002" classname="org.base.Sample11">
    <skipped/>
  </testcase> <!-- tc1 -->
  <testcase name="tc1" time="0.005" classname="org.base.Sample11">
    <skipped/>
  </testcase> <!-- tc1 -->
  <testcase name="tc1" time="0.016" classname="org.base.Sample11">
    <skipped/>
  </testcase> <!-- tc1 -->
  <testcase name="tc1" time="0.001" classname="org.base.Sample11">
    <skipped/>
  </testcase> <!-- tc1 -->
  <testcase name="tc1" time="0.001" classname="org.base.Sample11">
    <skipped/>
  </testcase> <!-- tc1 -->
  <testcase name="tc1" time="0.002" classname="org.base.Sample11">
    <skipped/>
  </testcase> <!-- tc1 -->
  <testcase name="tc1" time="0.0" classname="org.base.Sample11">
    <skipped/>
  </testcase> <!-- tc1 -->
  <testcase name="tc1" time="0.001" classname="org.base.Sample11">
    <skipped/>
  </testcase> <!-- tc1 -->
  <testcase name="tc1" time="0.001" classname="org.base.Sample11">
    <skipped/>
  </testcase> <!-- tc1 -->
  <testcase name="tc1" time="0.001" classname="org.base.Sample11">
    <skipped/>
  </testcase> <!-- tc1 -->
  <testcase name="tc1" time="0.001" classname="org.base.Sample11">
    <skipped/>
  </testcase> <!-- tc1 -->
  <testcase name="tc1" time="0.001" classname="org.base.Sample11">
    <skipped/>
  </testcase> <!-- tc1 -->
  <testcase name="tc1" time="0.001" classname="org.base.Sample11">
    <skipped/>
  </testcase> <!-- tc1 -->
  <testcase name="tc1" time="0.001" classname="org.base.Sample11">
    <skipped/>
  </testcase> <!-- tc1 -->
  <testcase name="tc1" time="0.001" classname="org.base.Sample11">
    <skipped/>
  </testcase> <!-- tc1 -->
  <testcase name="tc1" time="0.001" classname="org.base.Sample11">
    <skipped/>
  </testcase> <!-- tc1 -->
  <testcase name="tc1" time="0.003" classname="org.base.Sample11">
    <skipped/>
  </testcase> <!-- tc1 -->
  <testcase name="tc1" time="0.001" classname="org.base.Sample11">
    <skipped/>
  </testcase> <!-- tc1 -->
  <testcase name="tc1" time="0.0" classname="org.base.Sample11">
    <skipped/>
  </testcase> <!-- tc1 -->
  <testcase name="tc1" time="0.001" classname="org.base.Sample11">
    <skipped/>
  </testcase> <!-- tc1 -->
  <testcase name="tc1" time="0.002" classname="org.base.Sample11">
    <skipped/>
  </testcase> <!-- tc1 -->
  <testcase name="tc1" time="0.001" classname="org.base.Sample11">
    <skipped/>
  </testcase> <!-- tc1 -->
  <testcase name="tc1" time="0.0" classname="org.base.Sample11">
    <skipped/>
  </testcase> <!-- tc1 -->
  <testcase name="tc1" time="0.002" classname="org.base.Sample11">
    <skipped/>
  </testcase> <!-- tc1 -->
  <testcase name="tc1" time="0.001" classname="org.base.Sample11">
    <skipped/>
  </testcase> <!-- tc1 -->
  <testcase name="tc1" time="0.001" classname="org.base.Sample11">
    <skipped/>
  </testcase> <!-- tc1 -->
  <testcase name="tc1" time="0.001" classname="org.base.Sample11">
    <skipped/>
  </testcase> <!-- tc1 -->
  <testcase name="tc1" time="0.002" classname="org.base.Sample11">
    <skipped/>
  </testcase> <!-- tc1 -->
  <testcase name="tc1" time="0.001" classname="org.base.Sample11">
    <skipped/>
  </testcase> <!-- tc1 -->
  <testcase name="tc1" time="0.002" classname="org.base.Sample11">
    <skipped/>
  </testcase> <!-- tc1 -->
  <testcase name="tc1" time="0.001" classname="org.base.Sample11">
    <skipped/>
  </testcase> <!-- tc1 -->
  <testcase name="tc1" time="0.0" classname="org.base.Sample11">
    <skipped/>
  </testcase> <!-- tc1 -->
  <testcase name="tc1" time="0.0" classname="org.base.Sample11">
    <skipped/>
  </testcase> <!-- tc1 -->
  <testcase name="tc1" time="0.001" classname="org.base.Sample11">
    <skipped/>
  </testcase> <!-- tc1 -->
  <testcase name="tc1" time="0.004" classname="org.base.Sample11">
    <skipped/>
  </testcase> <!-- tc1 -->
  <testcase name="tc1" time="0.001" classname="org.base.Sample11">
    <skipped/>
  </testcase> <!-- tc1 -->
  <testcase name="tc1" time="0.0" classname="org.base.Sample11">
    <skipped/>
  </testcase> <!-- tc1 -->
  <testcase name="tc1" time="0.001" classname="org.base.Sample11">
    <skipped/>
  </testcase> <!-- tc1 -->
  <testcase name="tc1" time="0.002" classname="org.base.Sample11">
    <skipped/>
  </testcase> <!-- tc1 -->
  <testcase name="tc1" time="0.002" classname="org.base.Sample11">
    <skipped/>
  </testcase> <!-- tc1 -->
  <testcase name="tc1" time="0.001" classname="org.base.Sample11">
    <skipped/>
  </testcase> <!-- tc1 -->
  <testcase name="tc1" time="0.001" classname="org.base.Sample11">
    <skipped/>
  </testcase> <!-- tc1 -->
  <testcase name="tc1" time="0.001" classname="org.base.Sample11">
    <skipped/>
  </testcase> <!-- tc1 -->
  <testcase name="tc1" time="0.001" classname="org.base.Sample11">
    <skipped/>
  </testcase> <!-- tc1 -->
  <testcase name="tc1" time="0.001" classname="org.base.Sample11">
    <skipped/>
  </testcase> <!-- tc1 -->
  <testcase name="tc1" time="0.001" classname="org.base.Sample11">
    <skipped/>
  </testcase> <!-- tc1 -->
  <testcase name="tc1" time="0.001" classname="org.base.Sample11">
    <skipped/>
  </testcase> <!-- tc1 -->
  <testcase name="tc1" time="0.002" classname="org.base.Sample11">
    <skipped/>
  </testcase> <!-- tc1 -->
  <testcase name="tc1" time="0.001" classname="org.base.Sample11">
    <skipped/>
  </testcase> <!-- tc1 -->
  <testcase name="tc1" time="0.0" classname="org.base.Sample11">
    <skipped/>
  </testcase> <!-- tc1 -->
  <testcase name="tc1" time="0.001" classname="org.base.Sample11">
    <skipped/>
  </testcase> <!-- tc1 -->
  <testcase name="tc1" time="0.001" classname="org.base.Sample11">
    <skipped/>
  </testcase> <!-- tc1 -->
  <testcase name="tc1" time="0.001" classname="org.base.Sample11">
    <skipped/>
  </testcase> <!-- tc1 -->
  <testcase name="tc1" time="0.0" classname="org.base.Sample11">
    <skipped/>
  </testcase> <!-- tc1 -->
  <testcase name="tc1" time="0.0" classname="org.base.Sample11">
    <skipped/>
  </testcase> <!-- tc1 -->
  <testcase name="tc1" time="0.0" classname="org.base.Sample11">
    <skipped/>
  </testcase> <!-- tc1 -->
  <testcase name="tc1" time="0.001" classname="org.base.Sample11">
    <skipped/>
  </testcase> <!-- tc1 -->
  <testcase name="tc1" time="0.0" classname="org.base.Sample11">
    <skipped/>
  </testcase> <!-- tc1 -->
  <testcase name="tc1" time="0.0" classname="org.base.Sample11">
    <skipped/>
  </testcase> <!-- tc1 -->
  <testcase name="tc1" time="0.0" classname="org.base.Sample11">
    <skipped/>
  </testcase> <!-- tc1 -->
  <testcase name="tc1" time="0.0" classname="org.base.Sample11">
    <skipped/>
  </testcase> <!-- tc1 -->
  <testcase name="tc1" time="0.0" classname="org.base.Sample11">
    <skipped/>
  </testcase> <!-- tc1 -->
  <testcase name="tc1" time="0.0" classname="org.base.Sample11">
    <skipped/>
  </testcase> <!-- tc1 -->
  <testcase name="tc1" time="0.001" classname="org.base.Sample11">
    <skipped/>
  </testcase> <!-- tc1 -->
  <testcase name="tc1" time="0.001" classname="org.base.Sample11">
    <skipped/>
  </testcase> <!-- tc1 -->
  <testcase name="tc1" time="0.001" classname="org.base.Sample11">
    <skipped/>
  </testcase> <!-- tc1 -->
  <testcase name="tc1" time="0.0" classname="org.base.Sample11">
    <skipped/>
  </testcase> <!-- tc1 -->
  <testcase name="tc1" time="0.001" classname="org.base.Sample11">
    <skipped/>
  </testcase> <!-- tc1 -->
  <testcase name="tc1" time="0.001" classname="org.base.Sample11">
    <skipped/>
  </testcase> <!-- tc1 -->
  <testcase name="tc1" time="0.0" classname="org.base.Sample11">
    <skipped/>
  </testcase> <!-- tc1 -->
  <testcase name="tc1" time="0.0" classname="org.base.Sample11">
    <skipped/>
  </testcase> <!-- tc1 -->
  <testcase name="tc1" time="0.012" classname="org.base.Sample11">
    <skipped/>
  </testcase> <!-- tc1 -->
  <testcase name="tc1" time="0.001" classname="org.base.Sample11">
    <skipped/>
  </testcase> <!-- tc1 -->
  <testcase name="tc1" time="0.0" classname="org.base.Sample11">
    <skipped/>
  </testcase> <!-- tc1 -->
  <testcase name="tc1" time="0.001" classname="org.base.Sample11">
    <skipped/>
  </testcase> <!-- tc1 -->
  <testcase name="tc1" time="0.001" classname="org.base.Sample11">
    <skipped/>
  </testcase> <!-- tc1 -->
  <testcase name="tc1" time="0.0" classname="org.base.Sample11">
    <skipped/>
  </testcase> <!-- tc1 -->
  <testcase name="tc1" time="0.0" classname="org.base.Sample11">
    <skipped/>
  </testcase> <!-- tc1 -->
  <testcase name="tc1" time="0.001" classname="org.base.Sample11">
    <skipped/>
  </testcase> <!-- tc1 -->
  <testcase name="tc1" time="0.001" classname="org.base.Sample11">
    <skipped/>
  </testcase> <!-- tc1 -->
  <testcase name="tc1" time="0.0" classname="org.base.Sample11">
    <skipped/>
  </testcase> <!-- tc1 -->
  <testcase name="tc1" time="0.001" classname="org.base.Sample11">
    <skipped/>
  </testcase> <!-- tc1 -->
  <testcase name="tc1" time="0.001" classname="org.base.Sample11">
    <skipped/>
  </testcase> <!-- tc1 -->
  <testcase name="tc1" time="0.0" classname="org.base.Sample11">
    <skipped/>
  </testcase> <!-- tc1 -->
  <testcase name="tc1" time="0.0" classname="org.base.Sample11">
    <skipped/>
  </testcase> <!-- tc1 -->
  <testcase name="tc1" time="0.001" classname="org.base.Sample11">
    <skipped/>
  </testcase> <!-- tc1 -->
  <testcase name="tc1" time="0.001" classname="org.base.Sample11">
    <skipped/>
  </testcase> <!-- tc1 -->
  <testcase name="tc1" time="0.0" classname="org.base.Sample11">
    <skipped/>
  </testcase> <!-- tc1 -->
  <testcase name="tc1" time="0.001" classname="org.base.Sample11">
    <skipped/>
  </testcase> <!-- tc1 -->
  <testcase name="tc1" time="0.002" classname="org.base.Sample11">
    <skipped/>
  </testcase> <!-- tc1 -->
  <testcase name="tc1" time="0.001" classname="org.base.Sample11">
    <skipped/>
  </testcase> <!-- tc1 -->
  <testcase name="tc1" time="0.0" classname="org.base.Sample11">
    <skipped/>
  </testcase> <!-- tc1 -->
  <testcase name="tc1" time="0.0" classname="org.base.Sample11">
    <skipped/>
  </testcase> <!-- tc1 -->
  <testcase name="tc1" time="0.001" classname="org.base.Sample11">
    <skipped/>
  </testcase> <!-- tc1 -->
  <testcase name="tc1" time="0.0" classname="org.base.Sample11">
    <skipped/>
  </testcase> <!-- tc1 -->
  <testcase name="tc1" time="0.0" classname="org.base.Sample11">
    <skipped/>
  </testcase> <!-- tc1 -->
  <testcase name="tc1" time="0.0" classname="org.base.Sample11">
    <skipped/>
  </testcase> <!-- tc1 -->
  <testcase name="tc1" time="0.0" classname="org.base.Sample11">
    <skipped/>
  </testcase> <!-- tc1 -->
  <testcase name="tc1" time="0.0" classname="org.base.Sample11">
    <skipped/>
  </testcase> <!-- tc1 -->
  <testcase name="tc1" time="0.0" classname="org.base.Sample11">
    <skipped/>
  </testcase> <!-- tc1 -->
  <testcase name="tc1" time="0.0" classname="org.base.Sample11">
    <skipped/>
  </testcase> <!-- tc1 -->
  <testcase name="tc1" time="0.0" classname="org.base.Sample11">
    <skipped/>
  </testcase> <!-- tc1 -->
  <testcase name="tc1" time="0.001" classname="org.base.Sample11">
    <skipped/>
  </testcase> <!-- tc1 -->
  <testcase name="tc1" time="0.001" classname="org.base.Sample11">
    <skipped/>
  </testcase> <!-- tc1 -->
  <testcase name="tc1" time="0.0" classname="org.base.Sample11">
    <skipped/>
  </testcase> <!-- tc1 -->
  <testcase name="tc1" time="0.0" classname="org.base.Sample11">
    <skipped/>
  </testcase> <!-- tc1 -->
  <testcase name="tc1" time="0.0" classname="org.base.Sample11">
    <skipped/>
  </testcase> <!-- tc1 -->
  <testcase name="tc1" time="0.0" classname="org.base.Sample11">
    <skipped/>
  </testcase> <!-- tc1 -->
  <testcase name="tc1" time="0.0" classname="org.base.Sample11">
    <skipped/>
  </testcase> <!-- tc1 -->
  <testcase name="tc1" time="0.001" classname="org.base.Sample11">
    <skipped/>
  </testcase> <!-- tc1 -->
  <testcase name="tc1" time="0.0" classname="org.base.Sample11">
    <skipped/>
  </testcase> <!-- tc1 -->
  <testcase name="tc1" time="0.0" classname="org.base.Sample11">
    <skipped/>
  </testcase> <!-- tc1 -->
  <testcase name="tc1" time="0.001" classname="org.base.Sample11">
    <skipped/>
  </testcase> <!-- tc1 -->
  <testcase name="tc1" time="0.001" classname="org.base.Sample11">
    <skipped/>
  </testcase> <!-- tc1 -->
  <testcase name="tc1" time="0.0" classname="org.base.Sample11">
    <skipped/>
  </testcase> <!-- tc1 -->
  <testcase name="tc1" time="0.001" classname="org.base.Sample11">
    <skipped/>
  </testcase> <!-- tc1 -->
  <testcase name="tc1" time="0.001" classname="org.base.Sample11">
    <skipped/>
  </testcase> <!-- tc1 -->
  <testcase name="tc1" time="0.001" classname="org.base.Sample11">
    <skipped/>
  </testcase> <!-- tc1 -->
  <testcase name="tc1" time="0.0" classname="org.base.Sample11">
    <skipped/>
  </testcase> <!-- tc1 -->
  <testcase name="tc1" time="0.001" classname="org.base.Sample11">
    <skipped/>
  </testcase> <!-- tc1 -->
  <testcase name="tc1" time="0.0" classname="org.base.Sample11">
    <skipped/>
  </testcase> <!-- tc1 -->
  <testcase name="tc1" time="0.001" classname="org.base.Sample11">
    <skipped/>
  </testcase> <!-- tc1 -->
  <testcase name="tc1" time="0.001" classname="org.base.Sample11">
    <skipped/>
  </testcase> <!-- tc1 -->
  <testcase name="tc1" time="0.001" classname="org.base.Sample11">
    <skipped/>
  </testcase> <!-- tc1 -->
  <testcase name="tc1" time="0.01" classname="org.base.Sample11">
    <skipped/>
  </testcase> <!-- tc1 -->
  <testcase name="tc1" time="0.001" classname="org.base.Sample11">
    <skipped/>
  </testcase> <!-- tc1 -->
  <testcase name="tc1" time="0.001" classname="org.base.Sample11">
    <skipped/>
  </testcase> <!-- tc1 -->
  <testcase name="tc1" time="0.0" classname="org.base.Sample11">
    <skipped/>
  </testcase> <!-- tc1 -->
  <testcase name="tc1" time="0.001" classname="org.base.Sample11">
    <skipped/>
  </testcase> <!-- tc1 -->
  <testcase name="tc1" time="0.001" classname="org.base.Sample11">
    <skipped/>
  </testcase> <!-- tc1 -->
  <testcase name="tc1" time="0.001" classname="org.base.Sample11">
    <skipped/>
  </testcase> <!-- tc1 -->
  <testcase name="tc1" time="0.001" classname="org.base.Sample11">
    <skipped/>
  </testcase> <!-- tc1 -->
  <testcase name="tc1" time="0.0" classname="org.base.Sample11">
    <skipped/>
  </testcase> <!-- tc1 -->
  <testcase name="tc1" time="0.0" classname="org.base.Sample11">
    <skipped/>
  </testcase> <!-- tc1 -->
  <testcase name="tc1" time="0.0" classname="org.base.Sample11">
    <skipped/>
  </testcase> <!-- tc1 -->
  <testcase name="tc1" time="0.0" classname="org.base.Sample11">
    <skipped/>
  </testcase> <!-- tc1 -->
  <testcase name="tc1" time="0.001" classname="org.base.Sample11">
    <skipped/>
  </testcase> <!-- tc1 -->
  <testcase name="tc1" time="0.0" classname="org.base.Sample11">
    <skipped/>
  </testcase> <!-- tc1 -->
  <testcase name="tc1" time="0.001" classname="org.base.Sample11">
    <skipped/>
  </testcase> <!-- tc1 -->
  <testcase name="tc1" time="0.001" classname="org.base.Sample11">
    <skipped/>
  </testcase> <!-- tc1 -->
  <testcase name="tc1" time="0.0" classname="org.base.Sample11">
    <skipped/>
  </testcase> <!-- tc1 -->
  <testcase name="tc1" time="0.0" classname="org.base.Sample11">
    <skipped/>
  </testcase> <!-- tc1 -->
  <testcase name="tc1" time="0.0" classname="org.base.Sample11">
    <skipped/>
  </testcase> <!-- tc1 -->
  <testcase name="tc1" time="0.0" classname="org.base.Sample11">
    <skipped/>
  </testcase> <!-- tc1 -->
  <testcase name="tc1" time="0.0" classname="org.base.Sample11">
    <skipped/>
  </testcase> <!-- tc1 -->
  <testcase name="tc1" time="0.0" classname="org.base.Sample11">
    <skipped/>
  </testcase> <!-- tc1 -->
  <testcase name="tc1" time="0.0" classname="org.base.Sample11">
    <skipped/>
  </testcase> <!-- tc1 -->
  <testcase name="tc1" time="0.0" classname="org.base.Sample11">
    <skipped/>
  </testcase> <!-- tc1 -->
  <testcase name="tc1" time="0.002" classname="org.base.Sample11">
    <skipped/>
  </testcase> <!-- tc1 -->
  <testcase name="tc1" time="0.001" classname="org.base.Sample11">
    <skipped/>
  </testcase> <!-- tc1 -->
  <testcase name="tc1" time="0.0" classname="org.base.Sample11">
    <skipped/>
  </testcase> <!-- tc1 -->
  <testcase name="tc1" time="0.001" classname="org.base.Sample11">
    <skipped/>
  </testcase> <!-- tc1 -->
  <testcase name="tc1" time="0.001" classname="org.base.Sample11">
    <skipped/>
  </testcase> <!-- tc1 -->
  <testcase name="tc1" time="0.001" classname="org.base.Sample11">
    <skipped/>
  </testcase> <!-- tc1 -->
  <testcase name="tc1" time="0.0" classname="org.base.Sample11">
    <skipped/>
  </testcase> <!-- tc1 -->
  <testcase name="tc1" time="0.0" classname="org.base.Sample11">
    <skipped/>
  </testcase> <!-- tc1 -->
  <testcase name="tc1" time="0.0" classname="org.base.Sample11">
    <skipped/>
  </testcase> <!-- tc1 -->
  <testcase name="tc1" time="0.0" classname="org.base.Sample11">
    <skipped/>
  </testcase> <!-- tc1 -->
  <testcase name="tc1" time="0.0" classname="org.base.Sample11">
    <skipped/>
  </testcase> <!-- tc1 -->
  <testcase name="tc1" time="0.0" classname="org.base.Sample11">
    <skipped/>
  </testcase> <!-- tc1 -->
  <testcase name="tc1" time="0.0" classname="org.base.Sample11">
    <skipped/>
  </testcase> <!-- tc1 -->
  <testcase name="tc1" time="0.001" classname="org.base.Sample11">
    <skipped/>
  </testcase> <!-- tc1 -->
  <testcase name="tc1" time="0.001" classname="org.base.Sample11">
    <skipped/>
  </testcase> <!-- tc1 -->
  <testcase name="tc1" time="0.001" classname="org.base.Sample11">
    <skipped/>
  </testcase> <!-- tc1 -->
  <testcase name="tc1" time="0.0" classname="org.base.Sample11">
    <skipped/>
  </testcase> <!-- tc1 -->
  <testcase name="tc1" time="0.0" classname="org.base.Sample11">
    <skipped/>
  </testcase> <!-- tc1 -->
  <testcase name="tc1" time="0.001" classname="org.base.Sample11">
    <skipped/>
  </testcase> <!-- tc1 -->
  <testcase name="tc1" time="0.0" classname="org.base.Sample11">
    <skipped/>
  </testcase> <!-- tc1 -->
  <testcase name="tc1" time="0.0" classname="org.base.Sample11">
    <skipped/>
  </testcase> <!-- tc1 -->
  <testcase name="tc1" time="0.0" classname="org.base.Sample11">
    <skipped/>
  </testcase> <!-- tc1 -->
  <testcase name="tc1" time="0.0" classname="org.base.Sample11">
    <skipped/>
  </testcase> <!-- tc1 -->
  <testcase name="tc1" time="0.0" classname="org.base.Sample11">
    <skipped/>
  </testcase> <!-- tc1 -->
  <testcase name="tc1" time="0.0" classname="org.base.Sample11">
    <skipped/>
  </testcase> <!-- tc1 -->
  <testcase name="tc1" time="0.0" classname="org.base.Sample11">
    <skipped/>
  </testcase> <!-- tc1 -->
  <testcase name="tc1" time="0.0" classname="org.base.Sample11">
    <skipped/>
  </testcase> <!-- tc1 -->
  <testcase name="tc1" time="0.001" classname="org.base.Sample11">
    <skipped/>
  </testcase> <!-- tc1 -->
  <testcase name="tc1" time="0.0" classname="org.base.Sample11">
    <skipped/>
  </testcase> <!-- tc1 -->
  <testcase name="tc1" time="0.0" classname="org.base.Sample11">
    <skipped/>
  </testcase> <!-- tc1 -->
  <testcase name="tc1" time="0.001" classname="org.base.Sample11">
    <skipped/>
  </testcase> <!-- tc1 -->
  <testcase name="tc1" time="0.001" classname="org.base.Sample11">
    <skipped/>
  </testcase> <!-- tc1 -->
  <testcase name="tc1" time="0.001" classname="org.base.Sample11">
    <skipped/>
  </testcase> <!-- tc1 -->
  <testcase name="tc1" time="0.0" classname="org.base.Sample11">
    <skipped/>
  </testcase> <!-- tc1 -->
  <testcase name="tc1" time="0.0" classname="org.base.Sample11">
    <skipped/>
  </testcase> <!-- tc1 -->
  <testcase name="tc1" time="0.001" classname="org.base.Sample11">
    <skipped/>
  </testcase> <!-- tc1 -->
  <testcase name="tc1" time="0.0" classname="org.base.Sample11">
    <skipped/>
  </testcase> <!-- tc1 -->
  <testcase name="tc1" time="0.0" classname="org.base.Sample11">
    <skipped/>
  </testcase> <!-- tc1 -->
  <testcase name="tc1" time="0.001" classname="org.base.Sample11">
    <skipped/>
  </testcase> <!-- tc1 -->
  <testcase name="tc1" time="0.0" classname="org.base.Sample11">
    <skipped/>
  </testcase> <!-- tc1 -->
  <testcase name="tc1" time="0.001" classname="org.base.Sample11">
    <skipped/>
  </testcase> <!-- tc1 -->
  <testcase name="tc1" time="0.0" classname="org.base.Sample11">
    <skipped/>
  </testcase> <!-- tc1 -->
  <testcase name="tc1" time="0.0" classname="org.base.Sample11">
    <skipped/>
  </testcase> <!-- tc1 -->
  <testcase name="tc1" time="0.0" classname="org.base.Sample11">
    <skipped/>
  </testcase> <!-- tc1 -->
  <testcase name="tc1" time="0.0" classname="org.base.Sample11">
    <skipped/>
  </testcase> <!-- tc1 -->
  <testcase name="tc1" time="0.001" classname="org.base.Sample11">
    <skipped/>
  </testcase> <!-- tc1 -->
  <testcase name="tc1" time="0.001" classname="org.base.Sample11">
    <skipped/>
  </testcase> <!-- tc1 -->
  <testcase name="tc1" time="0.0" classname="org.base.Sample11">
    <skipped/>
  </testcase> <!-- tc1 -->
  <testcase name="tc1" time="0.0" classname="org.base.Sample11">
    <skipped/>
  </testcase> <!-- tc1 -->
  <testcase name="tc1" time="0.0" classname="org.base.Sample11">
    <skipped/>
  </testcase> <!-- tc1 -->
  <testcase name="tc1" time="0.0" classname="org.base.Sample11">
    <skipped/>
  </testcase> <!-- tc1 -->
  <testcase name="tc1" time="0.0" classname="org.base.Sample11">
    <skipped/>
  </testcase> <!-- tc1 -->
  <testcase name="tc1" time="0.001" classname="org.base.Sample11">
    <skipped/>
  </testcase> <!-- tc1 -->
  <testcase name="tc1" time="0.001" classname="org.base.Sample11">
    <skipped/>
  </testcase> <!-- tc1 -->
  <testcase name="tc1" time="0.001" classname="org.base.Sample11">
    <skipped/>
  </testcase> <!-- tc1 -->
  <testcase name="tc1" time="0.001" classname="org.base.Sample11">
    <skipped/>
  </testcase> <!-- tc1 -->
  <testcase name="tc1" time="0.0" classname="org.base.Sample11">
    <skipped/>
  </testcase> <!-- tc1 -->
  <testcase name="tc1" time="0.0" classname="org.base.Sample11">
    <skipped/>
  </testcase> <!-- tc1 -->
  <testcase name="tc1" time="0.001" classname="org.base.Sample11">
    <skipped/>
  </testcase> <!-- tc1 -->
  <testcase name="tc1" time="0.0" classname="org.base.Sample11">
    <skipped/>
  </testcase> <!-- tc1 -->
  <testcase name="tc1" time="0.001" classname="org.base.Sample11">
    <skipped/>
  </testcase> <!-- tc1 -->
  <testcase name="tc1" time="0.0" classname="org.base.Sample11">
    <skipped/>
  </testcase> <!-- tc1 -->
  <testcase name="tc1" time="0.0" classname="org.base.Sample11">
    <skipped/>
  </testcase> <!-- tc1 -->
  <testcase name="tc1" time="0.0" classname="org.base.Sample11">
    <skipped/>
  </testcase> <!-- tc1 -->
  <testcase name="tc1" time="0.0" classname="org.base.Sample11">
    <skipped/>
  </testcase> <!-- tc1 -->
  <testcase name="tc1" time="0.0" classname="org.base.Sample11">
    <skipped/>
  </testcase> <!-- tc1 -->
  <testcase name="tc1" time="0.0" classname="org.base.Sample11">
    <skipped/>
  </testcase> <!-- tc1 -->
  <testcase name="tc1" time="0.0" classname="org.base.Sample11">
    <skipped/>
  </testcase> <!-- tc1 -->
  <testcase name="tc1" time="0.0" classname="org.base.Sample11">
    <skipped/>
  </testcase> <!-- tc1 -->
  <testcase name="tc1" time="0.0" classname="org.base.Sample11">
    <skipped/>
  </testcase> <!-- tc1 -->
  <testcase name="tc1" time="0.0" classname="org.base.Sample11">
    <skipped/>
  </testcase> <!-- tc1 -->
  <testcase name="tc1" time="0.0" classname="org.base.Sample11">
    <skipped/>
  </testcase> <!-- tc1 -->
  <testcase name="tc1" time="0.0" classname="org.base.Sample11">
    <skipped/>
  </testcase> <!-- tc1 -->
  <testcase name="tc1" time="0.0" classname="org.base.Sample11">
    <skipped/>
  </testcase> <!-- tc1 -->
  <testcase name="tc1" time="0.0" classname="org.base.Sample11">
    <skipped/>
  </testcase> <!-- tc1 -->
  <testcase name="tc1" time="0.0" classname="org.base.Sample11">
    <skipped/>
  </testcase> <!-- tc1 -->
  <testcase name="tc1" time="0.0" classname="org.base.Sample11">
    <skipped/>
  </testcase> <!-- tc1 -->
  <testcase name="tc1" time="0.0" classname="org.base.Sample11">
    <skipped/>
  </testcase> <!-- tc1 -->
  <testcase name="tc1" time="0.0" classname="org.base.Sample11">
    <skipped/>
  </testcase> <!-- tc1 -->
  <testcase name="tc1" time="0.0" classname="org.base.Sample11">
    <skipped/>
  </testcase> <!-- tc1 -->
  <testcase name="tc1" time="0.0" classname="org.base.Sample11">
    <skipped/>
  </testcase> <!-- tc1 -->
  <testcase name="tc1" time="0.0" classname="org.base.Sample11">
    <skipped/>
  </testcase> <!-- tc1 -->
  <testcase name="tc1" time="0.001" classname="org.base.Sample11">
    <skipped/>
  </testcase> <!-- tc1 -->
  <testcase name="tc1" time="0.0" classname="org.base.Sample11">
    <skipped/>
  </testcase> <!-- tc1 -->
  <testcase name="tc1" time="0.0" classname="org.base.Sample11">
    <skipped/>
  </testcase> <!-- tc1 -->
  <testcase name="tc1" time="0.0" classname="org.base.Sample11">
    <skipped/>
  </testcase> <!-- tc1 -->
  <testcase name="tc1" time="0.0" classname="org.base.Sample11">
    <skipped/>
  </testcase> <!-- tc1 -->
  <testcase name="tc1" time="0.0" classname="org.base.Sample11">
    <skipped/>
  </testcase> <!-- tc1 -->
  <testcase name="tc1" time="0.0" classname="org.base.Sample11">
    <skipped/>
  </testcase> <!-- tc1 -->
  <testcase name="tc1" time="0.0" classname="org.base.Sample11">
    <skipped/>
  </testcase> <!-- tc1 -->
  <testcase name="tc1" time="0.001" classname="org.base.Sample11">
    <skipped/>
  </testcase> <!-- tc1 -->
  <testcase name="tc1" time="0.0" classname="org.base.Sample11">
    <skipped/>
  </testcase> <!-- tc1 -->
  <testcase name="tc1" time="0.0" classname="org.base.Sample11">
    <skipped/>
  </testcase> <!-- tc1 -->
  <testcase name="tc1" time="0.001" classname="org.base.Sample11">
    <skipped/>
  </testcase> <!-- tc1 -->
  <testcase name="tc1" time="0.0" classname="org.base.Sample11">
    <skipped/>
  </testcase> <!-- tc1 -->
  <testcase name="tc1" time="0.0" classname="org.base.Sample11">
    <skipped/>
  </testcase> <!-- tc1 -->
  <testcase name="tc1" time="0.001" classname="org.base.Sample11">
    <skipped/>
  </testcase> <!-- tc1 -->
  <testcase name="tc1" time="0.0" classname="org.base.Sample11">
    <skipped/>
  </testcase> <!-- tc1 -->
  <testcase name="tc1" time="0.0" classname="org.base.Sample11">
    <skipped/>
  </testcase> <!-- tc1 -->
  <testcase name="tc1" time="0.0" classname="org.base.Sample11">
    <skipped/>
  </testcase> <!-- tc1 -->
  <testcase name="tc1" time="0.001" classname="org.base.Sample11">
    <skipped/>
  </testcase> <!-- tc1 -->
  <testcase name="tc1" time="0.0" classname="org.base.Sample11">
    <skipped/>
  </testcase> <!-- tc1 -->
  <testcase name="tc1" time="0.001" classname="org.base.Sample11">
    <skipped/>
  </testcase> <!-- tc1 -->
  <testcase name="tc1" time="0.0" classname="org.base.Sample11">
    <skipped/>
  </testcase> <!-- tc1 -->
  <testcase name="tc1" time="0.0" classname="org.base.Sample11">
    <skipped/>
  </testcase> <!-- tc1 -->
  <testcase name="tc1" time="0.0" classname="org.base.Sample11">
    <skipped/>
  </testcase> <!-- tc1 -->
  <testcase name="tc1" time="0.0" classname="org.base.Sample11">
    <skipped/>
  </testcase> <!-- tc1 -->
  <testcase name="tc1" time="0.0" classname="org.base.Sample11">
    <skipped/>
  </testcase> <!-- tc1 -->
  <testcase name="tc1" time="0.0" classname="org.base.Sample11">
    <skipped/>
  </testcase> <!-- tc1 -->
  <testcase name="tc1" time="0.0" classname="org.base.Sample11">
    <skipped/>
  </testcase> <!-- tc1 -->
  <testcase name="tc1" time="0.0" classname="org.base.Sample11">
    <skipped/>
  </testcase> <!-- tc1 -->
  <testcase name="tc1" time="0.0" classname="org.base.Sample11">
    <skipped/>
  </testcase> <!-- tc1 -->
  <testcase name="tc1" time="0.001" classname="org.base.Sample11">
    <skipped/>
  </testcase> <!-- tc1 -->
  <testcase name="tc1" time="0.0" classname="org.base.Sample11">
    <skipped/>
  </testcase> <!-- tc1 -->
  <testcase name="tc1" time="0.0" classname="org.base.Sample11">
    <skipped/>
  </testcase> <!-- tc1 -->
  <testcase name="tc1" time="0.0" classname="org.base.Sample11">
    <skipped/>
  </testcase> <!-- tc1 -->
  <testcase name="tc1" time="0.0" classname="org.base.Sample11">
    <skipped/>
  </testcase> <!-- tc1 -->
  <testcase name="tc1" time="0.001" classname="org.base.Sample11">
    <skipped/>
  </testcase> <!-- tc1 -->
  <testcase name="tc1" time="0.0" classname="org.base.Sample11">
    <skipped/>
  </testcase> <!-- tc1 -->
  <testcase name="tc1" time="0.001" classname="org.base.Sample11">
    <skipped/>
  </testcase> <!-- tc1 -->
  <testcase name="tc1" time="0.0" classname="org.base.Sample11">
    <skipped/>
  </testcase> <!-- tc1 -->
  <testcase name="tc1" time="0.0" classname="org.base.Sample11">
    <skipped/>
  </testcase> <!-- tc1 -->
  <testcase name="tc1" time="0.0" classname="org.base.Sample11">
    <skipped/>
  </testcase> <!-- tc1 -->
  <testcase name="tc1" time="0.001" classname="org.base.Sample11">
    <skipped/>
  </testcase> <!-- tc1 -->
  <testcase name="tc1" time="0.0" classname="org.base.Sample11">
    <skipped/>
  </testcase> <!-- tc1 -->
  <testcase name="tc1" time="0.0" classname="org.base.Sample11">
    <skipped/>
  </testcase> <!-- tc1 -->
  <testcase name="tc1" time="0.001" classname="org.base.Sample11">
    <skipped/>
  </testcase> <!-- tc1 -->
  <testcase name="tc1" time="0.0" classname="org.base.Sample11">
    <skipped/>
  </testcase> <!-- tc1 -->
  <testcase name="tc1" time="0.0" classname="org.base.Sample11">
    <skipped/>
  </testcase> <!-- tc1 -->
  <testcase name="tc1" time="0.0" classname="org.base.Sample11">
    <skipped/>
  </testcase> <!-- tc1 -->
  <testcase name="tc1" time="0.0" classname="org.base.Sample11">
    <skipped/>
  </testcase> <!-- tc1 -->
  <testcase name="tc1" time="0.001" classname="org.base.Sample11">
    <skipped/>
  </testcase> <!-- tc1 -->
  <testcase name="tc1" time="0.0" classname="org.base.Sample11">
    <skipped/>
  </testcase> <!-- tc1 -->
  <testcase name="tc1" time="0.0" classname="org.base.Sample11">
    <skipped/>
  </testcase> <!-- tc1 -->
  <testcase name="tc1" time="0.0" classname="org.base.Sample11">
    <skipped/>
  </testcase> <!-- tc1 -->
  <testcase name="tc1" time="0.0" classname="org.base.Sample11">
    <skipped/>
  </testcase> <!-- tc1 -->
  <testcase name="tc1" time="0.0" classname="org.base.Sample11">
    <skipped/>
  </testcase> <!-- tc1 -->
  <testcase name="tc1" time="0.001" classname="org.base.Sample11">
    <skipped/>
  </testcase> <!-- tc1 -->
  <testcase name="tc1" time="0.0" classname="org.base.Sample11">
    <skipped/>
  </testcase> <!-- tc1 -->
  <testcase name="tc1" time="0.0" classname="org.base.Sample11">
    <skipped/>
  </testcase> <!-- tc1 -->
  <testcase name="tc1" time="0.0" classname="org.base.Sample11">
    <skipped/>
  </testcase> <!-- tc1 -->
  <testcase name="tc1" time="0.0" classname="org.base.Sample11">
    <skipped/>
  </testcase> <!-- tc1 -->
  <testcase name="tc1" time="0.0" classname="org.base.Sample11">
    <skipped/>
  </testcase> <!-- tc1 -->
  <testcase name="tc1" time="0.0" classname="org.base.Sample11">
    <skipped/>
  </testcase> <!-- tc1 -->
  <testcase name="tc1" time="0.0" classname="org.base.Sample11">
    <skipped/>
  </testcase> <!-- tc1 -->
  <testcase name="tc1" time="0.0" classname="org.base.Sample11">
    <skipped/>
  </testcase> <!-- tc1 -->
  <testcase name="tc1" time="0.0" classname="org.base.Sample11">
    <skipped/>
  </testcase> <!-- tc1 -->
  <testcase name="tc1" time="0.0" classname="org.base.Sample11">
    <skipped/>
  </testcase> <!-- tc1 -->
  <testcase name="tc1" time="0.0" classname="org.base.Sample11">
    <skipped/>
  </testcase> <!-- tc1 -->
  <testcase name="tc1" time="0.0" classname="org.base.Sample11">
    <skipped/>
  </testcase> <!-- tc1 -->
  <testcase name="tc1" time="0.0" classname="org.base.Sample11">
    <skipped/>
  </testcase> <!-- tc1 -->
  <testcase name="tc1" time="0.0" classname="org.base.Sample11">
    <skipped/>
  </testcase> <!-- tc1 -->
  <testcase name="tc1" time="0.0" classname="org.base.Sample11">
    <skipped/>
  </testcase> <!-- tc1 -->
  <testcase name="tc1" time="0.0" classname="org.base.Sample11">
    <skipped/>
  </testcase> <!-- tc1 -->
  <testcase name="tc1" time="0.0" classname="org.base.Sample11">
    <skipped/>
  </testcase> <!-- tc1 -->
  <testcase name="tc1" time="0.001" classname="org.base.Sample11">
    <skipped/>
  </testcase> <!-- tc1 -->
  <testcase name="tc1" time="0.0" classname="org.base.Sample11">
    <skipped/>
  </testcase> <!-- tc1 -->
  <testcase name="tc1" time="0.0" classname="org.base.Sample11">
    <skipped/>
  </testcase> <!-- tc1 -->
  <testcase name="tc1" time="0.001" classname="org.base.Sample11">
    <skipped/>
  </testcase> <!-- tc1 -->
  <testcase name="tc1" time="0.0" classname="org.base.Sample11">
    <skipped/>
  </testcase> <!-- tc1 -->
  <testcase name="tc1" time="0.0" classname="org.base.Sample11">
    <skipped/>
  </testcase> <!-- tc1 -->
  <testcase name="tc1" time="0.0" classname="org.base.Sample11">
    <skipped/>
  </testcase> <!-- tc1 -->
  <testcase name="tc1" time="0.0" classname="org.base.Sample11">
    <skipped/>
  </testcase> <!-- tc1 -->
  <testcase name="tc1" time="0.0" classname="org.base.Sample11">
    <skipped/>
  </testcase> <!-- tc1 -->
  <testcase name="tc1" time="0.0" classname="org.base.Sample11">
    <skipped/>
  </testcase> <!-- tc1 -->
  <testcase name="tc1" time="0.0" classname="org.base.Sample11">
    <skipped/>
  </testcase> <!-- tc1 -->
  <testcase name="tc1" time="0.0" classname="org.base.Sample11">
    <skipped/>
  </testcase> <!-- tc1 -->
  <testcase name="tc1" time="0.001" classname="org.base.Sample11">
    <skipped/>
  </testcase> <!-- tc1 -->
  <testcase name="tc1" time="0.0" classname="org.base.Sample11">
    <skipped/>
  </testcase> <!-- tc1 -->
  <testcase name="tc1" time="0.0" classname="org.base.Sample11">
    <skipped/>
  </testcase> <!-- tc1 -->
  <testcase name="tc1" time="0.0" classname="org.base.Sample11">
    <skipped/>
  </testcase> <!-- tc1 -->
  <testcase name="tc1" time="0.0" classname="org.base.Sample11">
    <skipped/>
  </testcase> <!-- tc1 -->
  <testcase name="tc1" time="0.0" classname="org.base.Sample11">
    <skipped/>
  </testcase> <!-- tc1 -->
  <testcase name="tc1" time="0.0" classname="org.base.Sample11">
    <skipped/>
  </testcase> <!-- tc1 -->
  <testcase name="tc1" time="0.0" classname="org.base.Sample11">
    <skipped/>
  </testcase> <!-- tc1 -->
  <testcase name="tc1" time="0.0" classname="org.base.Sample11">
    <skipped/>
  </testcase> <!-- tc1 -->
  <testcase name="tc1" time="0.0" classname="org.base.Sample11">
    <skipped/>
  </testcase> <!-- tc1 -->
  <testcase name="tc1" time="0.001" classname="org.base.Sample11">
    <skipped/>
  </testcase> <!-- tc1 -->
  <testcase name="tc1" time="0.0" classname="org.base.Sample11">
    <skipped/>
  </testcase> <!-- tc1 -->
  <testcase name="tc1" time="0.0" classname="org.base.Sample11">
    <skipped/>
  </testcase> <!-- tc1 -->
  <testcase name="tc1" time="0.0" classname="org.base.Sample11">
    <skipped/>
  </testcase> <!-- tc1 -->
  <testcase name="tc1" time="0.0" classname="org.base.Sample11">
    <skipped/>
  </testcase> <!-- tc1 -->
  <testcase name="tc1" time="0.0" classname="org.base.Sample11">
    <skipped/>
  </testcase> <!-- tc1 -->
  <testcase name="tc1" time="0.0" classname="org.base.Sample11">
    <skipped/>
  </testcase> <!-- tc1 -->
  <testcase name="tc1" time="0.0" classname="org.base.Sample11">
    <skipped/>
  </testcase> <!-- tc1 -->
  <testcase name="tc1" time="0.0" classname="org.base.Sample11">
    <skipped/>
  </testcase> <!-- tc1 -->
  <testcase name="tc1" time="0.0" classname="org.base.Sample11">
    <skipped/>
  </testcase> <!-- tc1 -->
  <testcase name="tc1" time="0.001" classname="org.base.Sample11">
    <skipped/>
  </testcase> <!-- tc1 -->
  <testcase name="tc1" time="0.001" classname="org.base.Sample11">
    <skipped/>
  </testcase> <!-- tc1 -->
  <testcase name="tc1" time="0.0" classname="org.base.Sample11">
    <skipped/>
  </testcase> <!-- tc1 -->
  <testcase name="tc1" time="0.0" classname="org.base.Sample11">
    <skipped/>
  </testcase> <!-- tc1 -->
  <testcase name="tc1" time="0.0" classname="org.base.Sample11">
    <skipped/>
  </testcase> <!-- tc1 -->
  <testcase name="tc1" time="0.0" classname="org.base.Sample11">
    <skipped/>
  </testcase> <!-- tc1 -->
  <testcase name="tc1" time="0.001" classname="org.base.Sample11">
    <skipped/>
  </testcase> <!-- tc1 -->
  <testcase name="tc1" time="0.0" classname="org.base.Sample11">
    <skipped/>
  </testcase> <!-- tc1 -->
  <testcase name="tc1" time="0.0" classname="org.base.Sample11">
    <skipped/>
  </testcase> <!-- tc1 -->
  <testcase name="tc1" time="0.0" classname="org.base.Sample11">
    <skipped/>
  </testcase> <!-- tc1 -->
  <testcase name="tc1" time="0.002" classname="org.base.Sample11">
    <skipped/>
  </testcase> <!-- tc1 -->
  <testcase name="tc1" time="0.0" classname="org.base.Sample11">
    <skipped/>
  </testcase> <!-- tc1 -->
  <testcase name="tc1" time="0.0" classname="org.base.Sample11">
    <skipped/>
  </testcase> <!-- tc1 -->
  <testcase name="tc1" time="0.0" classname="org.base.Sample11">
    <skipped/>
  </testcase> <!-- tc1 -->
  <testcase name="tc1" time="0.0" classname="org.base.Sample11">
    <skipped/>
  </testcase> <!-- tc1 -->
  <testcase name="tc1" time="0.0" classname="org.base.Sample11">
    <skipped/>
  </testcase> <!-- tc1 -->
  <testcase name="tc1" time="0.0" classname="org.base.Sample11">
    <skipped/>
  </testcase> <!-- tc1 -->
  <testcase name="tc1" time="0.0" classname="org.base.Sample11">
    <skipped/>
  </testcase> <!-- tc1 -->
  <testcase name="tc1" time="0.0" classname="org.base.Sample11">
    <skipped/>
  </testcase> <!-- tc1 -->
  <testcase name="tc1" time="0.001" classname="org.base.Sample11">
    <skipped/>
  </testcase> <!-- tc1 -->
  <testcase name="tc1" time="0.001" classname="org.base.Sample11">
    <skipped/>
  </testcase> <!-- tc1 -->
  <testcase name="tc1" time="0.0" classname="org.base.Sample11">
    <skipped/>
  </testcase> <!-- tc1 -->
  <testcase name="tc1" time="0.0" classname="org.base.Sample11">
    <skipped/>
  </testcase> <!-- tc1 -->
  <testcase name="tc1" time="0.0" classname="org.base.Sample11">
    <skipped/>
  </testcase> <!-- tc1 -->
  <testcase name="tc1" time="0.0" classname="org.base.Sample11">
    <skipped/>
  </testcase> <!-- tc1 -->
  <testcase name="tc1" time="0.0" classname="org.base.Sample11">
    <skipped/>
  </testcase> <!-- tc1 -->
  <testcase name="tc1" time="0.0" classname="org.base.Sample11">
    <skipped/>
  </testcase> <!-- tc1 -->
  <testcase name="tc1" time="0.0" classname="org.base.Sample11">
    <skipped/>
  </testcase> <!-- tc1 -->
  <testcase name="tc1" time="0.001" classname="org.base.Sample11">
    <skipped/>
  </testcase> <!-- tc1 -->
  <testcase name="tc1" time="0.0" classname="org.base.Sample11">
    <skipped/>
  </testcase> <!-- tc1 -->
  <testcase name="tc1" time="0.0" classname="org.base.Sample11">
    <skipped/>
  </testcase> <!-- tc1 -->
  <testcase name="tc1" time="0.001" classname="org.base.Sample11">
    <skipped/>
  </testcase> <!-- tc1 -->
  <testcase name="tc1" time="0.0" classname="org.base.Sample11">
    <skipped/>
  </testcase> <!-- tc1 -->
  <testcase name="tc1" time="0.0" classname="org.base.Sample11">
    <skipped/>
  </testcase> <!-- tc1 -->
  <testcase name="tc1" time="0.0" classname="org.base.Sample11">
    <skipped/>
  </testcase> <!-- tc1 -->
  <testcase name="tc1" time="0.0" classname="org.base.Sample11">
    <skipped/>
  </testcase> <!-- tc1 -->
  <testcase name="tc1" time="0.0" classname="org.base.Sample11">
    <skipped/>
  </testcase> <!-- tc1 -->
  <testcase name="tc1" time="0.0" classname="org.base.Sample11">
    <skipped/>
  </testcase> <!-- tc1 -->
  <testcase name="tc1" time="0.0" classname="org.base.Sample11">
    <skipped/>
  </testcase> <!-- tc1 -->
  <testcase name="tc1" time="0.001" classname="org.base.Sample11">
    <skipped/>
  </testcase> <!-- tc1 -->
  <testcase name="tc1" time="0.0" classname="org.base.Sample11">
    <skipped/>
  </testcase> <!-- tc1 -->
  <testcase name="tc1" time="0.0" classname="org.base.Sample11">
    <skipped/>
  </testcase> <!-- tc1 -->
  <testcase name="tc1" time="0.001" classname="org.base.Sample11">
    <skipped/>
  </testcase> <!-- tc1 -->
  <testcase name="tc1" time="0.0" classname="org.base.Sample11">
    <skipped/>
  </testcase> <!-- tc1 -->
  <testcase name="tc1" time="0.0" classname="org.base.Sample11">
    <skipped/>
  </testcase> <!-- tc1 -->
  <testcase name="tc1" time="0.0" classname="org.base.Sample11">
    <skipped/>
  </testcase> <!-- tc1 -->
  <testcase name="tc1" time="0.0" classname="org.base.Sample11">
    <skipped/>
  </testcase> <!-- tc1 -->
  <testcase name="tc1" time="0.0" classname="org.base.Sample11">
    <skipped/>
  </testcase> <!-- tc1 -->
  <testcase name="tc1" time="0.0" classname="org.base.Sample11">
    <skipped/>
  </testcase> <!-- tc1 -->
  <testcase name="tc1" time="0.0" classname="org.base.Sample11">
    <skipped/>
  </testcase> <!-- tc1 -->
  <testcase name="tc1" time="0.0" classname="org.base.Sample11">
    <skipped/>
  </testcase> <!-- tc1 -->
  <testcase name="tc1" time="0.0" classname="org.base.Sample11">
    <skipped/>
  </testcase> <!-- tc1 -->
  <testcase name="tc1" time="0.0" classname="org.base.Sample11">
    <skipped/>
  </testcase> <!-- tc1 -->
  <testcase name="tc1" time="0.001" classname="org.base.Sample11">
    <skipped/>
  </testcase> <!-- tc1 -->
  <testcase name="tc1" time="0.001" classname="org.base.Sample11">
    <skipped/>
  </testcase> <!-- tc1 -->
  <testcase name="tc1" time="0.0" classname="org.base.Sample11">
    <skipped/>
  </testcase> <!-- tc1 -->
  <testcase name="tc1" time="0.001" classname="org.base.Sample11">
    <skipped/>
  </testcase> <!-- tc1 -->
  <testcase name="tc1" time="0.0" classname="org.base.Sample11">
    <skipped/>
  </testcase> <!-- tc1 -->
  <testcase name="tc1" time="0.0" classname="org.base.Sample11">
    <skipped/>
  </testcase> <!-- tc1 -->
  <testcase name="tc1" time="0.001" classname="org.base.Sample11">
    <skipped/>
  </testcase> <!-- tc1 -->
  <testcase name="tc1" time="0.0" classname="org.base.Sample11">
    <skipped/>
  </testcase> <!-- tc1 -->
  <testcase name="tc1" time="0.0" classname="org.base.Sample11">
    <skipped/>
  </testcase> <!-- tc1 -->
  <testcase name="tc1" time="0.0" classname="org.base.Sample11">
    <skipped/>
  </testcase> <!-- tc1 -->
  <testcase name="tc1" time="0.001" classname="org.base.Sample11">
    <skipped/>
  </testcase> <!-- tc1 -->
  <testcase name="tc1" time="0.001" classname="org.base.Sample11">
    <skipped/>
  </testcase> <!-- tc1 -->
  <testcase name="tc1" time="0.0" classname="org.base.Sample11">
    <skipped/>
  </testcase> <!-- tc1 -->
  <testcase name="tc1" time="0.0" classname="org.base.Sample11">
    <skipped/>
  </testcase> <!-- tc1 -->
  <testcase name="tc1" time="0.0" classname="org.base.Sample11">
    <skipped/>
  </testcase> <!-- tc1 -->
  <testcase name="tc1" time="0.0" classname="org.base.Sample11">
    <skipped/>
  </testcase> <!-- tc1 -->
  <testcase name="tc1" time="0.001" classname="org.base.Sample11">
    <skipped/>
  </testcase> <!-- tc1 -->
  <testcase name="tc1" time="0.0" classname="org.base.Sample11">
    <skipped/>
  </testcase> <!-- tc1 -->
  <testcase name="tc1" time="0.0" classname="org.base.Sample11">
    <skipped/>
  </testcase> <!-- tc1 -->
  <testcase name="tc1" time="0.0" classname="org.base.Sample11">
    <skipped/>
  </testcase> <!-- tc1 -->
  <testcase name="tc1" time="0.0" classname="org.base.Sample11">
    <skipped/>
  </testcase> <!-- tc1 -->
  <testcase name="tc1" time="0.0" classname="org.base.Sample11">
    <skipped/>
  </testcase> <!-- tc1 -->
  <testcase name="tc1" time="0.0" classname="org.base.Sample11">
    <skipped/>
  </testcase> <!-- tc1 -->
  <testcase name="tc1" time="0.001" classname="org.base.Sample11">
    <skipped/>
  </testcase> <!-- tc1 -->
  <testcase name="tc1" time="0.0" classname="org.base.Sample11">
    <skipped/>
  </testcase> <!-- tc1 -->
  <testcase name="tc1" time="0.0" classname="org.base.Sample11">
    <skipped/>
  </testcase> <!-- tc1 -->
  <testcase name="tc1" time="0.0" classname="org.base.Sample11">
    <skipped/>
  </testcase> <!-- tc1 -->
  <testcase name="tc1" time="0.0" classname="org.base.Sample11">
    <skipped/>
  </testcase> <!-- tc1 -->
  <testcase name="tc1" time="0.0" classname="org.base.Sample11">
    <skipped/>
  </testcase> <!-- tc1 -->
  <testcase name="tc1" time="0.001" classname="org.base.Sample11">
    <skipped/>
  </testcase> <!-- tc1 -->
  <testcase name="tc1" time="0.0" classname="org.base.Sample11">
    <skipped/>
  </testcase> <!-- tc1 -->
  <testcase name="tc1" time="0.0" classname="org.base.Sample11">
    <skipped/>
  </testcase> <!-- tc1 -->
  <testcase name="tc1" time="0.001" classname="org.base.Sample11">
    <skipped/>
  </testcase> <!-- tc1 -->
  <testcase name="tc1" time="0.0" classname="org.base.Sample11">
    <skipped/>
  </testcase> <!-- tc1 -->
  <testcase name="tc1" time="0.001" classname="org.base.Sample11">
    <skipped/>
  </testcase> <!-- tc1 -->
  <testcase name="tc1" time="0.0" classname="org.base.Sample11">
    <skipped/>
  </testcase> <!-- tc1 -->
  <testcase name="tc1" time="0.0" classname="org.base.Sample11">
    <skipped/>
  </testcase> <!-- tc1 -->
  <testcase name="tc1" time="0.0" classname="org.base.Sample11">
    <skipped/>
  </testcase> <!-- tc1 -->
  <testcase name="tc1" time="0.001" classname="org.base.Sample11">
    <skipped/>
  </testcase> <!-- tc1 -->
  <testcase name="tc1" time="0.0" classname="org.base.Sample11">
    <skipped/>
  </testcase> <!-- tc1 -->
  <testcase name="tc1" time="0.0" classname="org.base.Sample11">
    <skipped/>
  </testcase> <!-- tc1 -->
  <testcase name="tc1" time="0.0" classname="org.base.Sample11">
    <skipped/>
  </testcase> <!-- tc1 -->
  <testcase name="tc1" time="0.0" classname="org.base.Sample11">
    <skipped/>
  </testcase> <!-- tc1 -->
  <testcase name="tc1" time="0.0" classname="org.base.Sample11">
    <skipped/>
  </testcase> <!-- tc1 -->
  <testcase name="tc1" time="0.0" classname="org.base.Sample11">
    <skipped/>
  </testcase> <!-- tc1 -->
  <testcase name="tc1" time="0.001" classname="org.base.Sample11">
    <skipped/>
  </testcase> <!-- tc1 -->
  <testcase name="tc1" time="0.0" classname="org.base.Sample11">
    <skipped/>
  </testcase> <!-- tc1 -->
  <testcase name="tc1" time="0.0" classname="org.base.Sample11">
    <skipped/>
  </testcase> <!-- tc1 -->
  <testcase name="tc1" time="0.0" classname="org.base.Sample11">
    <skipped/>
  </testcase> <!-- tc1 -->
  <testcase name="tc1" time="0.0" classname="org.base.Sample11">
    <skipped/>
  </testcase> <!-- tc1 -->
  <testcase name="tc1" time="0.001" classname="org.base.Sample11">
    <skipped/>
  </testcase> <!-- tc1 -->
  <testcase name="tc1" time="0.0" classname="org.base.Sample11">
    <skipped/>
  </testcase> <!-- tc1 -->
  <testcase name="tc1" time="0.0" classname="org.base.Sample11">
    <skipped/>
  </testcase> <!-- tc1 -->
  <testcase name="tc1" time="0.0" classname="org.base.Sample11">
    <skipped/>
  </testcase> <!-- tc1 -->
  <testcase name="tc1" time="0.001" classname="org.base.Sample11">
    <skipped/>
  </testcase> <!-- tc1 -->
  <testcase name="tc1" time="0.001" classname="org.base.Sample11">
    <skipped/>
  </testcase> <!-- tc1 -->
  <testcase name="tc1" time="0.0" classname="org.base.Sample11">
    <skipped/>
  </testcase> <!-- tc1 -->
  <testcase name="tc1" time="0.001" classname="org.base.Sample11">
    <skipped/>
  </testcase> <!-- tc1 -->
  <testcase name="tc1" time="0.0" classname="org.base.Sample11">
    <skipped/>
  </testcase> <!-- tc1 -->
  <testcase name="tc1" time="0.001" classname="org.base.Sample11">
    <skipped/>
  </testcase> <!-- tc1 -->
  <testcase name="tc1" time="0.001" classname="org.base.Sample11">
    <skipped/>
  </testcase> <!-- tc1 -->
  <testcase name="tc1" time="0.001" classname="org.base.Sample11">
    <skipped/>
  </testcase> <!-- tc1 -->
  <testcase name="tc1" time="0.0" classname="org.base.Sample11">
    <skipped/>
  </testcase> <!-- tc1 -->
  <testcase name="tc1" time="0.0" classname="org.base.Sample11">
    <skipped/>
  </testcase> <!-- tc1 -->
  <testcase name="tc1" time="0.0" classname="org.base.Sample11">
    <skipped/>
  </testcase> <!-- tc1 -->
  <testcase name="tc1" time="0.0" classname="org.base.Sample11">
    <skipped/>
  </testcase> <!-- tc1 -->
  <testcase name="tc1" time="0.0" classname="org.base.Sample11">
    <skipped/>
  </testcase> <!-- tc1 -->
  <testcase name="tc1" time="0.001" classname="org.base.Sample11">
    <skipped/>
  </testcase> <!-- tc1 -->
  <testcase name="tc1" time="0.001" classname="org.base.Sample11">
    <skipped/>
  </testcase> <!-- tc1 -->
  <testcase name="tc1" time="0.001" classname="org.base.Sample11">
    <skipped/>
  </testcase> <!-- tc1 -->
  <testcase name="tc1" time="0.0" classname="org.base.Sample11">
    <skipped/>
  </testcase> <!-- tc1 -->
  <testcase name="tc1" time="0.0" classname="org.base.Sample11">
    <skipped/>
  </testcase> <!-- tc1 -->
  <testcase name="tc1" time="0.0" classname="org.base.Sample11">
    <skipped/>
  </testcase> <!-- tc1 -->
  <testcase name="tc1" time="0.001" classname="org.base.Sample11">
    <skipped/>
  </testcase> <!-- tc1 -->
  <testcase name="tc1" time="0.0" classname="org.base.Sample11">
    <skipped/>
  </testcase> <!-- tc1 -->
  <testcase name="tc1" time="0.001" classname="org.base.Sample11">
    <skipped/>
  </testcase> <!-- tc1 -->
  <testcase name="tc1" time="0.001" classname="org.base.Sample11">
    <skipped/>
  </testcase> <!-- tc1 -->
  <testcase name="tc1" time="0.0" classname="org.base.Sample11">
    <skipped/>
  </testcase> <!-- tc1 -->
  <testcase name="tc1" time="0.001" classname="org.base.Sample11">
    <skipped/>
  </testcase> <!-- tc1 -->
  <testcase name="tc1" time="0.001" classname="org.base.Sample11">
    <skipped/>
  </testcase> <!-- tc1 -->
  <testcase name="tc1" time="0.001" classname="org.base.Sample11">
    <skipped/>
  </testcase> <!-- tc1 -->
  <testcase name="tc1" time="0.0" classname="org.base.Sample11">
    <skipped/>
  </testcase> <!-- tc1 -->
  <testcase name="tc1" time="0.001" classname="org.base.Sample11">
    <skipped/>
  </testcase> <!-- tc1 -->
  <testcase name="tc1" time="0.0" classname="org.base.Sample11">
    <skipped/>
  </testcase> <!-- tc1 -->
  <testcase name="tc1" time="0.0" classname="org.base.Sample11">
    <skipped/>
  </testcase> <!-- tc1 -->
  <testcase name="tc1" time="0.0" classname="org.base.Sample11">
    <skipped/>
  </testcase> <!-- tc1 -->
  <testcase name="tc1" time="0.0" classname="org.base.Sample11">
    <skipped/>
  </testcase> <!-- tc1 -->
  <testcase name="tc1" time="0.001" classname="org.base.Sample11">
    <skipped/>
  </testcase> <!-- tc1 -->
  <testcase name="tc1" time="0.001" classname="org.base.Sample11">
    <skipped/>
  </testcase> <!-- tc1 -->
  <testcase name="tc1" time="0.0" classname="org.base.Sample11">
    <skipped/>
  </testcase> <!-- tc1 -->
  <testcase name="tc1" time="0.0" classname="org.base.Sample11">
    <skipped/>
  </testcase> <!-- tc1 -->
  <testcase name="tc1" time="0.0" classname="org.base.Sample11">
    <skipped/>
  </testcase> <!-- tc1 -->
  <testcase name="tc1" time="0.0" classname="org.base.Sample11">
    <skipped/>
  </testcase> <!-- tc1 -->
  <testcase name="tc1" time="0.0" classname="org.base.Sample11">
    <skipped/>
  </testcase> <!-- tc1 -->
  <testcase name="tc1" time="0.001" classname="org.base.Sample11">
    <skipped/>
  </testcase> <!-- tc1 -->
  <testcase name="tc1" time="0.0" classname="org.base.Sample11">
    <skipped/>
  </testcase> <!-- tc1 -->
  <testcase name="tc1" time="0.0" classname="org.base.Sample11">
    <skipped/>
  </testcase> <!-- tc1 -->
  <testcase name="tc1" time="0.0" classname="org.base.Sample11">
    <skipped/>
  </testcase> <!-- tc1 -->
  <testcase name="tc1" time="0.0" classname="org.base.Sample11">
    <skipped/>
  </testcase> <!-- tc1 -->
  <testcase name="tc1" time="0.0" classname="org.base.Sample11">
    <skipped/>
  </testcase> <!-- tc1 -->
  <testcase name="tc1" time="0.0" classname="org.base.Sample11">
    <skipped/>
  </testcase> <!-- tc1 -->
  <testcase name="tc1" time="0.0" classname="org.base.Sample11">
    <skipped/>
  </testcase> <!-- tc1 -->
  <testcase name="tc1" time="0.001" classname="org.base.Sample11">
    <skipped/>
  </testcase> <!-- tc1 -->
  <testcase name="tc1" time="0.0" classname="org.base.Sample11">
    <skipped/>
  </testcase> <!-- tc1 -->
  <testcase name="tc1" time="0.001" classname="org.base.Sample11">
    <skipped/>
  </testcase> <!-- tc1 -->
  <testcase name="tc1" time="0.001" classname="org.base.Sample11">
    <skipped/>
  </testcase> <!-- tc1 -->
  <testcase name="tc1" time="0.001" classname="org.base.Sample11">
    <skipped/>
  </testcase> <!-- tc1 -->
  <testcase name="tc1" time="0.001" classname="org.base.Sample11">
    <skipped/>
  </testcase> <!-- tc1 -->
  <testcase name="tc1" time="0.0" classname="org.base.Sample11">
    <skipped/>
  </testcase> <!-- tc1 -->
  <testcase name="tc1" time="0.001" classname="org.base.Sample11">
    <skipped/>
  </testcase> <!-- tc1 -->
  <testcase name="tc1" time="0.001" classname="org.base.Sample11">
    <skipped/>
  </testcase> <!-- tc1 -->
  <testcase name="tc1" time="0.0" classname="org.base.Sample11">
    <skipped/>
  </testcase> <!-- tc1 -->
  <testcase name="tc1" time="0.001" classname="org.base.Sample11">
    <skipped/>
  </testcase> <!-- tc1 -->
  <testcase name="tc1" time="0.0" classname="org.base.Sample11">
    <skipped/>
  </testcase> <!-- tc1 -->
  <testcase name="tc1" time="0.0" classname="org.base.Sample11">
    <skipped/>
  </testcase> <!-- tc1 -->
  <testcase name="tc1" time="0.0" classname="org.base.Sample11">
    <skipped/>
  </testcase> <!-- tc1 -->
  <testcase name="tc1" time="0.0" classname="org.base.Sample11">
    <skipped/>
  </testcase> <!-- tc1 -->
  <testcase name="tc1" time="0.0" classname="org.base.Sample11">
    <skipped/>
  </testcase> <!-- tc1 -->
  <testcase name="tc1" time="0.001" classname="org.base.Sample11">
    <skipped/>
  </testcase> <!-- tc1 -->
  <testcase name="tc1" time="0.0" classname="org.base.Sample11">
    <skipped/>
  </testcase> <!-- tc1 -->
  <testcase name="tc1" time="0.0" classname="org.base.Sample11">
    <skipped/>
  </testcase> <!-- tc1 -->
  <testcase name="tc1" time="0.0" classname="org.base.Sample11">
    <skipped/>
  </testcase> <!-- tc1 -->
  <testcase name="tc1" time="0.001" classname="org.base.Sample11">
    <skipped/>
  </testcase> <!-- tc1 -->
  <testcase name="tc1" time="0.0" classname="org.base.Sample11">
    <skipped/>
  </testcase> <!-- tc1 -->
  <testcase name="tc1" time="0.0" classname="org.base.Sample11">
    <skipped/>
  </testcase> <!-- tc1 -->
  <testcase name="tc1" time="0.0" classname="org.base.Sample11">
    <skipped/>
  </testcase> <!-- tc1 -->
  <testcase name="tc1" time="0.0" classname="org.base.Sample11">
    <skipped/>
  </testcase> <!-- tc1 -->
  <testcase name="tc1" time="0.0" classname="org.base.Sample11">
    <skipped/>
  </testcase> <!-- tc1 -->
  <testcase name="tc1" time="0.0" classname="org.base.Sample11">
    <skipped/>
  </testcase> <!-- tc1 -->
  <testcase name="tc1" time="0.0" classname="org.base.Sample11">
    <skipped/>
  </testcase> <!-- tc1 -->
  <testcase name="tc1" time="0.0" classname="org.base.Sample11">
    <skipped/>
  </testcase> <!-- tc1 -->
  <testcase name="tc1" time="0.0" classname="org.base.Sample11">
    <skipped/>
  </testcase> <!-- tc1 -->
  <testcase name="tc1" time="0.0" classname="org.base.Sample11">
    <skipped/>
  </testcase> <!-- tc1 -->
  <testcase name="tc1" time="0.0" classname="org.base.Sample11">
    <skipped/>
  </testcase> <!-- tc1 -->
  <testcase name="tc1" time="0.0" classname="org.base.Sample11">
    <skipped/>
  </testcase> <!-- tc1 -->
  <testcase name="tc1" time="0.001" classname="org.base.Sample11">
    <skipped/>
  </testcase> <!-- tc1 -->
  <testcase name="tc1" time="0.0" classname="org.base.Sample11">
    <skipped/>
  </testcase> <!-- tc1 -->
  <testcase name="tc1" time="0.0" classname="org.base.Sample11">
    <skipped/>
  </testcase> <!-- tc1 -->
  <testcase name="tc1" time="0.0" classname="org.base.Sample11">
    <skipped/>
  </testcase> <!-- tc1 -->
  <testcase name="tc1" time="0.0" classname="org.base.Sample11">
    <skipped/>
  </testcase> <!-- tc1 -->
  <testcase name="tc1" time="0.0" classname="org.base.Sample11">
    <skipped/>
  </testcase> <!-- tc1 -->
  <testcase name="tc1" time="0.0" classname="org.base.Sample11">
    <skipped/>
  </testcase> <!-- tc1 -->
  <testcase name="tc1" time="0.0" classname="org.base.Sample11">
    <skipped/>
  </testcase> <!-- tc1 -->
  <testcase name="tc1" time="0.0" classname="org.base.Sample11">
    <skipped/>
  </testcase> <!-- tc1 -->
  <testcase name="tc1" time="0.0" classname="org.base.Sample11">
    <skipped/>
  </testcase> <!-- tc1 -->
  <testcase name="tc1" time="0.001" classname="org.base.Sample11">
    <skipped/>
  </testcase> <!-- tc1 -->
  <testcase name="tc1" time="0.0" classname="org.base.Sample11">
    <skipped/>
  </testcase> <!-- tc1 -->
  <testcase name="tc1" time="0.0" classname="org.base.Sample11">
    <skipped/>
  </testcase> <!-- tc1 -->
  <testcase name="tc1" time="0.001" classname="org.base.Sample11">
    <skipped/>
  </testcase> <!-- tc1 -->
  <testcase name="tc1" time="0.0" classname="org.base.Sample11">
    <skipped/>
  </testcase> <!-- tc1 -->
  <testcase name="tc1" time="0.001" classname="org.base.Sample11">
    <skipped/>
  </testcase> <!-- tc1 -->
  <testcase name="tc1" time="0.0" classname="org.base.Sample11">
    <skipped/>
  </testcase> <!-- tc1 -->
  <testcase name="tc1" time="0.001" classname="org.base.Sample11">
    <skipped/>
  </testcase> <!-- tc1 -->
  <testcase name="tc1" time="0.0" classname="org.base.Sample11">
    <skipped/>
  </testcase> <!-- tc1 -->
  <testcase name="tc1" time="0.0" classname="org.base.Sample11">
    <skipped/>
  </testcase> <!-- tc1 -->
  <testcase name="tc1" time="0.0" classname="org.base.Sample11">
    <skipped/>
  </testcase> <!-- tc1 -->
  <testcase name="tc1" time="0.001" classname="org.base.Sample11">
    <skipped/>
  </testcase> <!-- tc1 -->
  <testcase name="tc1" time="0.0" classname="org.base.Sample11">
    <skipped/>
  </testcase> <!-- tc1 -->
  <testcase name="tc1" time="0.0" classname="org.base.Sample11">
    <skipped/>
  </testcase> <!-- tc1 -->
  <testcase name="tc1" time="0.0" classname="org.base.Sample11">
    <skipped/>
  </testcase> <!-- tc1 -->
  <testcase name="tc1" time="0.0" classname="org.base.Sample11">
    <skipped/>
  </testcase> <!-- tc1 -->
  <testcase name="tc1" time="0.001" classname="org.base.Sample11">
    <skipped/>
  </testcase> <!-- tc1 -->
  <testcase name="tc1" time="0.001" classname="org.base.Sample11">
    <skipped/>
  </testcase> <!-- tc1 -->
  <testcase name="tc1" time="0.0" classname="org.base.Sample11">
    <skipped/>
  </testcase> <!-- tc1 -->
  <testcase name="tc1" time="0.001" classname="org.base.Sample11">
    <skipped/>
  </testcase> <!-- tc1 -->
  <testcase name="tc1" time="0.001" classname="org.base.Sample11">
    <skipped/>
  </testcase> <!-- tc1 -->
  <testcase name="tc1" time="0.0" classname="org.base.Sample11">
    <skipped/>
  </testcase> <!-- tc1 -->
  <testcase name="tc1" time="0.0" classname="org.base.Sample11">
    <skipped/>
  </testcase> <!-- tc1 -->
  <testcase name="tc1" time="0.0" classname="org.base.Sample11">
    <skipped/>
  </testcase> <!-- tc1 -->
  <testcase name="tc1" time="0.0" classname="org.base.Sample11">
    <skipped/>
  </testcase> <!-- tc1 -->
  <testcase name="tc1" time="0.0" classname="org.base.Sample11">
    <skipped/>
  </testcase> <!-- tc1 -->
  <testcase name="tc1" time="0.0" classname="org.base.Sample11">
    <skipped/>
  </testcase> <!-- tc1 -->
  <testcase name="tc1" time="0.0" classname="org.base.Sample11">
    <skipped/>
  </testcase> <!-- tc1 -->
  <testcase name="tc1" time="0.0" classname="org.base.Sample11">
    <skipped/>
  </testcase> <!-- tc1 -->
  <testcase name="tc1" time="0.0" classname="org.base.Sample11">
    <skipped/>
  </testcase> <!-- tc1 -->
  <testcase name="tc1" time="0.0" classname="org.base.Sample11">
    <skipped/>
  </testcase> <!-- tc1 -->
  <testcase name="tc1" time="0.0" classname="org.base.Sample11">
    <skipped/>
  </testcase> <!-- tc1 -->
  <testcase name="tc1" time="0.0" classname="org.base.Sample11">
    <skipped/>
  </testcase> <!-- tc1 -->
  <testcase name="tc1" time="0.0" classname="org.base.Sample11">
    <skipped/>
  </testcase> <!-- tc1 -->
  <testcase name="tc1" time="0.001" classname="org.base.Sample11">
    <skipped/>
  </testcase> <!-- tc1 -->
  <testcase name="tc1" time="0.0" classname="org.base.Sample11">
    <skipped/>
  </testcase> <!-- tc1 -->
  <testcase name="tc1" time="0.0" classname="org.base.Sample11">
    <skipped/>
  </testcase> <!-- tc1 -->
  <testcase name="tc1" time="0.0" classname="org.base.Sample11">
    <skipped/>
  </testcase> <!-- tc1 -->
  <testcase name="tc1" time="0.0" classname="org.base.Sample11">
    <skipped/>
  </testcase> <!-- tc1 -->
  <testcase name="tc1" time="0.001" classname="org.base.Sample11">
    <skipped/>
  </testcase> <!-- tc1 -->
  <testcase name="tc1" time="0.0" classname="org.base.Sample11">
    <skipped/>
  </testcase> <!-- tc1 -->
  <testcase name="tc1" time="0.0" classname="org.base.Sample11">
    <skipped/>
  </testcase> <!-- tc1 -->
  <testcase name="tc1" time="0.0" classname="org.base.Sample11">
    <skipped/>
  </testcase> <!-- tc1 -->
  <testcase name="tc1" time="0.0" classname="org.base.Sample11">
    <skipped/>
  </testcase> <!-- tc1 -->
  <testcase name="tc1" time="0.0" classname="org.base.Sample11">
    <skipped/>
  </testcase> <!-- tc1 -->
  <testcase name="tc1" time="0.0" classname="org.base.Sample11">
    <skipped/>
  </testcase> <!-- tc1 -->
  <testcase name="tc1" time="0.001" classname="org.base.Sample11">
    <skipped/>
  </testcase> <!-- tc1 -->
  <testcase name="tc1" time="0.0" classname="org.base.Sample11">
    <skipped/>
  </testcase> <!-- tc1 -->
  <testcase name="tc1" time="0.0" classname="org.base.Sample11">
    <skipped/>
  </testcase> <!-- tc1 -->
  <testcase name="tc1" time="0.0" classname="org.base.Sample11">
    <skipped/>
  </testcase> <!-- tc1 -->
  <testcase name="tc1" time="0.0" classname="org.base.Sample11">
    <skipped/>
  </testcase> <!-- tc1 -->
  <testcase name="tc1" time="0.001" classname="org.base.Sample11">
    <skipped/>
  </testcase> <!-- tc1 -->
  <testcase name="tc1" time="0.0" classname="org.base.Sample11">
    <skipped/>
  </testcase> <!-- tc1 -->
  <testcase name="tc1" time="0.0" classname="org.base.Sample11">
    <skipped/>
  </testcase> <!-- tc1 -->
  <testcase name="tc1" time="0.0" classname="org.base.Sample11">
    <skipped/>
  </testcase> <!-- tc1 -->
  <testcase name="tc1" time="0.0" classname="org.base.Sample11">
    <skipped/>
  </testcase> <!-- tc1 -->
  <testcase name="tc1" time="0.001" classname="org.base.Sample11">
    <skipped/>
  </testcase> <!-- tc1 -->
  <testcase name="tc1" time="0.0" classname="org.base.Sample11">
    <skipped/>
  </testcase> <!-- tc1 -->
  <testcase name="tc1" time="0.0" classname="org.base.Sample11">
    <skipped/>
  </testcase> <!-- tc1 -->
  <testcase name="tc1" time="0.0" classname="org.base.Sample11">
    <skipped/>
  </testcase> <!-- tc1 -->
  <testcase name="tc1" time="0.0" classname="org.base.Sample11">
    <skipped/>
  </testcase> <!-- tc1 -->
  <testcase name="tc1" time="0.001" classname="org.base.Sample11">
    <skipped/>
  </testcase> <!-- tc1 -->
  <testcase name="tc1" time="0.0" classname="org.base.Sample11">
    <skipped/>
  </testcase> <!-- tc1 -->
  <testcase name="tc1" time="0.0" classname="org.base.Sample11">
    <skipped/>
  </testcase> <!-- tc1 -->
  <testcase name="tc1" time="0.0" classname="org.base.Sample11">
    <skipped/>
  </testcase> <!-- tc1 -->
  <testcase name="tc1" time="0.0" classname="org.base.Sample11">
    <skipped/>
  </testcase> <!-- tc1 -->
  <testcase name="tc1" time="0.0" classname="org.base.Sample11">
    <skipped/>
  </testcase> <!-- tc1 -->
  <testcase name="tc1" time="0.0" classname="org.base.Sample11">
    <skipped/>
  </testcase> <!-- tc1 -->
  <testcase name="tc1" time="0.0" classname="org.base.Sample11">
    <skipped/>
  </testcase> <!-- tc1 -->
  <testcase name="tc1" time="0.0" classname="org.base.Sample11">
    <skipped/>
  </testcase> <!-- tc1 -->
  <testcase name="tc1" time="0.0" classname="org.base.Sample11">
    <skipped/>
  </testcase> <!-- tc1 -->
  <testcase name="tc1" time="0.0" classname="org.base.Sample11">
    <skipped/>
  </testcase> <!-- tc1 -->
  <testcase name="tc1" time="0.0" classname="org.base.Sample11">
    <skipped/>
  </testcase> <!-- tc1 -->
  <testcase name="tc1" time="0.0" classname="org.base.Sample11">
    <skipped/>
  </testcase> <!-- tc1 -->
  <testcase name="tc1" time="0.0" classname="org.base.Sample11">
    <skipped/>
  </testcase> <!-- tc1 -->
  <testcase name="tc1" time="0.0" classname="org.base.Sample11">
    <skipped/>
  </testcase> <!-- tc1 -->
  <testcase name="tc1" time="0.001" classname="org.base.Sample11">
    <skipped/>
  </testcase> <!-- tc1 -->
  <testcase name="tc1" time="0.0" classname="org.base.Sample11">
    <skipped/>
  </testcase> <!-- tc1 -->
  <testcase name="tc1" time="0.0" classname="org.base.Sample11">
    <skipped/>
  </testcase> <!-- tc1 -->
  <testcase name="tc1" time="0.0" classname="org.base.Sample11">
    <skipped/>
  </testcase> <!-- tc1 -->
  <testcase name="tc1" time="0.0" classname="org.base.Sample11">
    <skipped/>
  </testcase> <!-- tc1 -->
  <testcase name="tc1" time="0.0" classname="org.base.Sample11">
    <skipped/>
  </testcase> <!-- tc1 -->
  <testcase name="tc1" time="0.001" classname="org.base.Sample11">
    <skipped/>
[...]
  </testcase> <!-- tc1 -->
  <testcase name="tc1" time="0.0" classname="org.base.Sample11">
    <skipped/>
  </testcase> <!-- tc1 -->
  <testcase name="tc1" time="0.0" classname="org.base.Sample11">
    <skipped/>
  </testcase> <!-- tc1 -->
  <testcase name="tc1" time="0.0" classname="org.base.Sample11">
    <skipped/>
  </testcase> <!-- tc1 -->
  <testcase name="tc1" time="0.0" classname="org.base.Sample11">
    <skipped/>
  </testcase> <!-- tc1 -->
  <testcase name="tc1" time="0.0" classname="org.base.Sample11">
    <skipped/>
  </testcase> <!-- tc1 -->
  <testcase name="tc1" time="0.0" classname="org.base.Sample11">
    <skipped/>
  </testcase> <!-- tc1 -->
  <testcase name="tc1" time="0.0" classname="org.base.Sample11">
    <skipped/>
  </testcase> <!-- tc1 -->
  <testcase name="tc1" time="0.0" classname="org.base.Sample11">
    <skipped/>
  </testcase> <!-- tc1 -->
  <testcase name="tc1" time="0.0" classname="org.base.Sample11">
    <skipped/>
  </testcase> <!-- tc1 -->
  <testcase name="tc1" time="0.0" classname="org.base.Sample11">
    <skipped/>
  </testcase> <!-- tc1 -->
  <testcase name="tc1" time="0.001" classname="org.base.Sample11">
    <skipped/>
  </testcase> <!-- tc1 -->
  <testcase name="tc1" time="0.0" classname="org.base.Sample11">
    <skipped/>
  </testcase> <!-- tc1 -->
  <testcase name="tc1" time="0.0" classname="org.base.Sample11">
    <skipped/>
  </testcase> <!-- tc1 -->
  <testcase name="tc1" time="0.0" classname="org.base.Sample11">
    <skipped/>
  </testcase> <!-- tc1 -->
  <testcase name="tc1" time="0.0" classname="org.base.Sample11">
    <skipped/>
  </testcase> <!-- tc1 -->
  <testcase name="tc1" time="0.0" classname="org.base.Sample11">
    <skipped/>
  </testcase> <!-- tc1 -->
  <testcase name="tc1" time="0.0" classname="org.base.Sample11">
    <skipped/>
  </testcase> <!-- tc1 -->
  <testcase name="tc1" time="0.0" classname="org.base.Sample11">
    <skipped/>
  </testcase> <!-- tc1 -->
  <testcase name="tc1" time="0.0" classname="org.base.Sample11">
    <skipped/>
  </testcase> <!-- tc1 -->
  <testcase name="tc1" time="0.0" classname="org.base.Sample11">
    <skipped/>
  </testcase> <!-- tc1 -->
  <testcase name="tc1" time="0.0" classname="org.base.Sample11">
    <skipped/>
  </testcase> <!-- tc1 -->
  <testcase name="tc1" time="0.0" classname="org.base.Sample11">
    <skipped/>
  </testcase> <!-- tc1 -->
  <testcase name="tc1" time="0.0" classname="org.base.Sample11">
    <skipped/>
  </testcase> <!-- tc1 -->
  <testcase name="tc1" time="0.0" classname="org.base.Sample11">
    <skipped/>
  </testcase> <!-- tc1 -->
  <testcase name="tc1" time="0.0" classname="org.base.Sample11">
    <skipped/>
  </testcase> <!-- tc1 -->
  <testcase name="tc1" time="0.0" classname="org.base.Sample11">
    <skipped/>
  </testcase> <!-- tc1 -->
  <testcase name="tc1" time="0.001" classname="org.base.Sample11">
    <skipped/>
  </testcase> <!-- tc1 -->
  <testcase name="tc1" time="0.0" classname="org.base.Sample11">
    <skipped/>
  </testcase> <!-- tc1 -->
  <testcase name="tc1" time="0.001" classname="org.base.Sample11">
    <skipped/>
  </testcase> <!-- tc1 -->
  <testcase name="tc1" time="0.0" classname="org.base.Sample11">
    <skipped/>
  </testcase> <!-- tc1 -->
  <testcase name="tc1" time="0.0" classname="org.base.Sample11">
    <skipped/>
  </testcase> <!-- tc1 -->
  <testcase name="tc1" time="0.0" classname="org.base.Sample11">
    <skipped/>
  </testcase> <!-- tc1 -->
  <testcase name="tc1" time="0.001" classname="org.base.Sample11">
    <skipped/>
  </testcase> <!-- tc1 -->
  <testcase name="tc1" time="0.0" classname="org.base.Sample11">
    <skipped/>
  </testcase> <!-- tc1 -->
  <testcase name="tc1" time="0.001" classname="org.base.Sample11">
    <skipped/>
  </testcase> <!-- tc1 -->
  <testcase name="tc1" time="0.0" classname="org.base.Sample11">
    <skipped/>
  </testcase> <!-- tc1 -->
  <testcase name="tc1" time="0.0" classname="org.base.Sample11">
    <skipped/>
  </testcase> <!-- tc1 -->
  <testcase name="tc1" time="0.0" classname="org.base.Sample11">
    <skipped/>
  </testcase> <!-- tc1 -->
  <testcase name="tc1" time="0.0" classname="org.base.Sample11">
    <skipped/>
  </testcase> <!-- tc1 -->
  <testcase name="tc1" time="0.0" classname="org.base.Sample11">
    <skipped/>
  </testcase> <!-- tc1 -->
  <testcase name="tc1" time="0.0" classname="org.base.Sample11">
    <skipped/>
  </testcase> <!-- tc1 -->
  <testcase name="tc1" time="0.0" classname="org.base.Sample11">
    <skipped/>
  </testcase> <!-- tc1 -->
  <testcase name="tc1" time="0.0" classname="org.base.Sample11">
    <skipped/>
  </testcase> <!-- tc1 -->
  <testcase name="tc1" time="0.001" classname="org.base.Sample11">
    <skipped/>
  </testcase> <!-- tc1 -->
  <testcase name="tc1" time="0.0" classname="org.base.Sample11">
    <skipped/>
  </testcase> <!-- tc1 -->
  <testcase name="tc1" time="0.0" classname="org.base.Sample11">
    <skipped/>
  </testcase> <!-- tc1 -->
  <testcase name="tc1" time="0.0" classname="org.base.Sample11">
    <skipped/>
  </testcase> <!-- tc1 -->
  <testcase name="tc1" time="0.0" classname="org.base.Sample11">
    <skipped/>
  </testcase> <!-- tc1 -->
  <testcase name="tc1" time="0.0" classname="org.base.Sample11">
    <skipped/>
  </testcase> <!-- tc1 -->
  <testcase name="tc1" time="0.0" classname="org.base.Sample11">
    <skipped/>
  </testcase> <!-- tc1 -->
  <testcase name="tc1" time="0.0" classname="org.base.Sample11">
    <skipped/>
  </testcase> <!-- tc1 -->
  <testcase name="tc1" time="0.0" classname="org.base.Sample11">
    <skipped/>
  </testcase> <!-- tc1 -->
  <testcase name="tc1" time="0.0" classname="org.base.Sample11">
    <skipped/>
  </testcase> <!-- tc1 -->
  <testcase name="tc1" time="0.0" classname="org.base.Sample11">
    <skipped/>
  </testcase> <!-- tc1 -->
  <testcase name="tc1" time="0.0" classname="org.base.Sample11">
    <skipped/>
  </testcase> <!-- tc1 -->
  <testcase name="tc1" time="0.0" classname="org.base.Sample11">
    <skipped/>
  </testcase> <!-- tc1 -->
  <testcase name="tc1" time="0.0" classname="org.base.Sample11">
    <skipped/>
  </testcase> <!-- tc1 -->
  <testcase name="tc1" time="0.0" classname="org.base.Sample11">
    <skipped/>
  </testcase> <!-- tc1 -->
  <testcase name="tc1" time="0.001" classname="org.base.Sample11">
    <skipped/>
  </testcase> <!-- tc1 -->
  <testcase name="tc1" time="0.0" classname="org.base.Sample11">
    <skipped/>
  </testcase> <!-- tc1 -->
  <testcase name="tc1" time="0.0" classname="org.base.Sample11">
    <skipped/>
  </testcase> <!-- tc1 -->
  <testcase name="tc1" time="0.0" classname="org.base.Sample11">
    <skipped/>
  </testcase> <!-- tc1 -->
  <testcase name="tc1" time="0.001" classname="org.base.Sample11">
    <skipped/>
  </testcase> <!-- tc1 -->
  <testcase name="tc1" time="0.0" classname="org.base.Sample11">
    <skipped/>
  </testcase> <!-- tc1 -->
  <testcase name="tc1" time="0.0" classname="org.base.Sample11">
    <skipped/>
  </testcase> <!-- tc1 -->
  <testcase name="tc1" time="0.0" classname="org.base.Sample11">
    <skipped/>
  </testcase> <!-- tc1 -->
  <testcase name="tc1" time="0.0" classname="org.base.Sample11">
    <skipped/>
  </testcase> <!-- tc1 -->
  <testcase name="tc1" time="0.0" classname="org.base.Sample11">
    <skipped/>
  </testcase> <!-- tc1 -->
  <testcase name="tc1" time="0.0" classname="org.base.Sample11">
    <skipped/>
  </testcase> <!-- tc1 -->
  <testcase name="tc1" time="0.001" classname="org.base.Sample11">
    <skipped/>
  </testcase> <!-- tc1 -->
  <testcase name="tc1" time="0.0" classname="org.base.Sample11">
    <skipped/>
  </testcase> <!-- tc1 -->
  <testcase name="tc1" time="0.0" classname="org.base.Sample11">
    <skipped/>
  </testcase> <!-- tc1 -->
  <testcase name="tc1" time="0.0" classname="org.base.Sample11">
    <skipped/>
  </testcase> <!-- tc1 -->
  <testcase name="tc1" time="0.0" classname="org.base.Sample11">
    <skipped/>
  </testcase> <!-- tc1 -->
  <testcase name="tc1" time="0.0" classname="org.base.Sample11">
    <skipped/>
  </testcase> <!-- tc1 -->
  <testcase name="tc1" time="0.0" classname="org.base.Sample11">
    <skipped/>
  </testcase> <!-- tc1 -->
  <testcase name="tc1" time="0.0" classname="org.base.Sample11">
    <skipped/>
  </testcase> <!-- tc1 -->
  <testcase name="tc1" time="0.0" classname="org.base.Sample11">
    <skipped/>
  </testcase> <!-- tc1 -->
  <testcase name="tc1" time="0.0" classname="org.base.Sample11">
    <skipped/>
  </testcase> <!-- tc1 -->
  <testcase name="tc1" time="0.001" classname="org.base.Sample11">
    <skipped/>
  </testcase> <!-- tc1 -->
  <testcase name="tc1" time="0.0" classname="org.base.Sample11">
    <skipped/>
  </testcase> <!-- tc1 -->
  <testcase name="tc1" time="0.001" classname="org.base.Sample11">
    <skipped/>
  </testcase> <!-- tc1 -->
  <testcase name="tc1" time="0.001" classname="org.base.Sample11">
    <skipped/>
  </testcase> <!-- tc1 -->
  <testcase name="tc1" time="0.0" classname="org.base.Sample11">
    <skipped/>
  </testcase> <!-- tc1 -->
  <testcase name="tc1" time="0.001" classname="org.base.Sample11">
    <skipped/>
  </testcase> <!-- tc1 -->
  <testcase name="tc1" time="0.0" classname="org.base.Sample11">
    <skipped/>
  </testcase> <!-- tc1 -->
  <testcase name="tc1" time="0.001" classname="org.base.Sample11">
    <skipped/>
  </testcase> <!-- tc1 -->
  <testcase name="tc1" time="0.0" classname="org.base.Sample11">
    <skipped/>
  </testcase> <!-- tc1 -->
  <testcase name="tc1" time="0.001" classname="org.base.Sample11">
    <skipped/>
  </testcase> <!-- tc1 -->
  <testcase name="tc1" time="0.0" classname="org.base.Sample11">
    <skipped/>
  </testcase> <!-- tc1 -->
  <testcase name="tc1" time="0.0" classname="org.base.Sample11">
    <skipped/>
  </testcase> <!-- tc1 -->
  <testcase name="tc1" time="0.0" classname="org.base.Sample11">
    <skipped/>
  </testcase> <!-- tc1 -->
  <testcase name="tc1" time="0.0" classname="org.base.Sample11">
    <skipped/>
  </testcase> <!-- tc1 -->
  <testcase name="tc1" time="0.0" classname="org.base.Sample11">
    <skipped/>
  </testcase> <!-- tc1 -->
  <testcase name="tc1" time="0.0" classname="org.base.Sample11">
    <skipped/>
  </testcase> <!-- tc1 -->
  <testcase name="tc1" time="0.0" classname="org.base.Sample11">
    <skipped/>
  </testcase> <!-- tc1 -->
  <testcase name="tc1" time="0.0" classname="org.base.Sample11">
    <skipped/>
  </testcase> <!-- tc1 -->
  <testcase name="tc1" time="0.0" classname="org.base.Sample11">
    <skipped/>
  </testcase> <!-- tc1 -->
  <testcase name="tc1" time="0.0" classname="org.base.Sample11">
    <skipped/>
  </testcase> <!-- tc1 -->
  <testcase name="tc1" time="0.001" classname="org.base.Sample11">
    <skipped/>
  </testcase> <!-- tc1 -->
  <testcase name="tc1" time="0.0" classname="org.base.Sample11">
    <skipped/>
  </testcase> <!-- tc1 -->
  <testcase name="tc1" time="0.0" classname="org.base.Sample11">
    <skipped/>
  </testcase> <!-- tc1 -->
  <testcase name="tc1" time="0.001" classname="org.base.Sample11">
    <skipped/>
  </testcase> <!-- tc1 -->
  <testcase name="tc1" time="0.0" classname="org.base.Sample11">
    <skipped/>
  </testcase> <!-- tc1 -->
  <testcase name="tc1" time="0.0" classname="org.base.Sample11">
    <skipped/>
  </testcase> <!-- tc1 -->
  <testcase name="tc1" time="0.001" classname="org.base.Sample11">
    <skipped/>
  </testcase> <!-- tc1 -->
  <testcase name="tc1" time="0.0" classname="org.base.Sample11">
    <skipped/>
  </testcase> <!-- tc1 -->
  <testcase name="tc1" time="0.0" classname="org.base.Sample11">
    <skipped/>
  </testcase> <!-- tc1 -->
  <testcase name="tc1" time="0.0" classname="org.base.Sample11">
    <skipped/>
  </testcase> <!-- tc1 -->
  <testcase name="tc1" time="0.001" classname="org.base.Sample11">
    <skipped/>
  </testcase> <!-- tc1 -->
  <testcase name="tc1" time="0.0" classname="org.base.Sample11">
    <skipped/>
  </testcase> <!-- tc1 -->
  <testcase name="tc1" time="0.0" classname="org.base.Sample11">
    <skipped/>
  </testcase> <!-- tc1 -->
  <testcase name="tc1" time="0.0" classname="org.base.Sample11">
    <skipped/>
  </testcase> <!-- tc1 -->
  <testcase name="tc1" time="0.0" classname="org.base.Sample11">
    <skipped/>
  </testcase> <!-- tc1 -->
  <testcase name="tc1" time="0.0" classname="org.base.Sample11">
    <skipped/>
  </testcase> <!-- tc1 -->
  <testcase name="tc1" time="0.0" classname="org.base.Sample11">
    <skipped/>
  </testcase> <!-- tc1 -->
  <testcase name="tc1" time="0.0" classname="org.base.Sample11">
    <skipped/>
  </testcase> <!-- tc1 -->
  <testcase name="tc1" time="0.0" classname="org.base.Sample11">
    <skipped/>
  </testcase> <!-- tc1 -->
  <testcase name="tc1" time="0.0" classname="org.base.Sample11">
    <skipped/>
  </testcase> <!-- tc1 -->
  <testcase name="tc1" time="0.0" classname="org.base.Sample11">
    <skipped/>
  </testcase> <!-- tc1 -->
  <testcase name="tc1" time="0.001" classname="org.base.Sample11">
    <skipped/>
  </testcase> <!-- tc1 -->
  <testcase name="tc1" time="0.0" classname="org.base.Sample11">
    <skipped/>
  </testcase> <!-- tc1 -->
  <testcase name="tc1" time="0.0" classname="org.base.Sample11">
    <skipped/>
  </testcase> <!-- tc1 -->
  <testcase name="tc1" time="0.0" classname="org.base.Sample11">
    <skipped/>
  </testcase> <!-- tc1 -->
  <testcase name="tc1" time="0.001" classname="org.base.Sample11">
    <skipped/>
  </testcase> <!-- tc1 -->
  <testcase name="tc1" time="0.0" classname="org.base.Sample11">
    <skipped/>
  </testcase> <!-- tc1 -->
  <testcase name="tc1" time="0.0" classname="org.base.Sample11">
    <skipped/>
  </testcase> <!-- tc1 -->
  <testcase name="tc1" time="0.0" classname="org.base.Sample11">
    <skipped/>
  </testcase> <!-- tc1 -->
  <testcase name="tc1" time="0.0" classname="org.base.Sample11">
    <skipped/>
  </testcase> <!-- tc1 -->
  <testcase name="tc1" time="0.0" classname="org.base.Sample11">
    <skipped/>
  </testcase> <!-- tc1 -->
  <testcase name="tc1" time="0.0" classname="org.base.Sample11">
    <skipped/>
  </testcase> <!-- tc1 -->
  <testcase name="tc1" time="0.0" classname="org.base.Sample11">
    <skipped/>
  </testcase> <!-- tc1 -->
  <testcase name="tc1" time="0.0" classname="org.base.Sample11">
    <skipped/>
  </testcase> <!-- tc1 -->
  <testcase name="tc1" time="0.0" classname="org.base.Sample11">
    <skipped/>
  </testcase> <!-- tc1 -->
  <testcase name="tc1" time="0.0" classname="org.base.Sample11">
    <skipped/>
  </testcase> <!-- tc1 -->
  <testcase name="tc1" time="0.0" classname="org.base.Sample11">
    <skipped/>
  </testcase> <!-- tc1 -->
  <testcase name="tc1" time="0.0" classname="org.base.Sample11">
    <skipped/>
  </testcase> <!-- tc1 -->
  <testcase name="tc1" time="0.001" classname="org.base.Sample11">
    <skipped/>
  </testcase> <!-- tc1 -->
  <testcase name="tc1" time="0.0" classname="org.base.Sample11">
    <skipped/>
  </testcase> <!-- tc1 -->
  <testcase name="tc1" time="0.0" classname="org.base.Sample11">
    <skipped/>
  </testcase> <!-- tc1 -->
  <testcase name="tc1" time="0.0" classname="org.base.Sample11">
    <skipped/>
  </testcase> <!-- tc1 -->
  <testcase name="tc1" time="0.0" classname="org.base.Sample11">
    <skipped/>
  </testcase> <!-- tc1 -->
  <testcase name="tc1" time="0.0" classname="org.base.Sample11">
    <skipped/>
  </testcase> <!-- tc1 -->
  <testcase name="tc1" time="0.0" classname="org.base.Sample11">
    <skipped/>
  </testcase> <!-- tc1 -->
  <testcase name="tc1" time="0.001" classname="org.base.Sample11">
    <skipped/>
  </testcase> <!-- tc1 -->
  <testcase name="tc1" time="0.0" classname="org.base.Sample11">
    <skipped/>
  </testcase> <!-- tc1 -->
  <testcase name="tc1" time="0.001" classname="org.base.Sample11">
    <skipped/>
  </testcase> <!-- tc1 -->
  <testcase name="tc1" time="0.0" classname="org.base.Sample11">
    <skipped/>
  </testcase> <!-- tc1 -->
  <testcase name="tc1" time="0.001" classname="org.base.Sample11">
    <skipped/>
  </testcase> <!-- tc1 -->
  <testcase name="tc1" time="0.0" classname="org.base.Sample11">
    <skipped/>
  </testcase> <!-- tc1 -->
  <testcase name="tc1" time="0.0" classname="org.base.Sample11">
    <skipped/>
  </testcase> <!-- tc1 -->
  <testcase name="tc1" time="0.0" classname="org.base.Sample11">
    <skipped/>
  </testcase> <!-- tc1 -->
  <testcase name="tc1" time="0.001" classname="org.base.Sample11">
    <skipped/>
  </testcase> <!-- tc1 -->
  <testcase name="tc1" time="0.0" classname="org.base.Sample11">
    <skipped/>
  </testcase> <!-- tc1 -->
  <testcase name="tc1" time="0.001" classname="org.base.Sample11">
    <skipped/>
  </testcase> <!-- tc1 -->
  <testcase name="tc1" time="0.0" classname="org.base.Sample11">
    <skipped/>
  </testcase> <!-- tc1 -->
  <testcase name="tc1" time="0.0" classname="org.base.Sample11">
    <skipped/>
  </testcase> <!-- tc1 -->
  <testcase name="tc1" time="0.0" classname="org.base.Sample11">
    <skipped/>
  </testcase> <!-- tc1 -->
  <testcase name="tc1" time="0.0" classname="org.base.Sample11">
    <skipped/>
  </testcase> <!-- tc1 -->
  <testcase name="tc1" time="0.0" classname="org.base.Sample11">
    <skipped/>
  </testcase> <!-- tc1 -->
  <testcase name="tc1" time="0.0" classname="org.base.Sample11">
    <skipped/>
  </testcase> <!-- tc1 -->
  <testcase name="tc1" time="0.0" classname="org.base.Sample11">
    <skipped/>
  </testcase> <!-- tc1 -->
  <testcase name="tc1" time="0.0" classname="org.base.Sample11">
    <skipped/>
  </testcase> <!-- tc1 -->
  <testcase name="tc1" time="0.0" classname="org.base.Sample11">
    <skipped/>
  </testcase> <!-- tc1 -->
  <testcase name="tc1" time="0.0" classname="org.base.Sample11">
    <skipped/>
  </testcase> <!-- tc1 -->
  <testcase name="tc1" time="0.0" classname="org.base.Sample11">
    <skipped/>
  </testcase> <!-- tc1 -->
  <testcase name="tc1" time="0.001" classname="org.base.Sample11">
    <skipped/>
  </testcase> <!-- tc1 -->
  <testcase name="tc1" time="0.0" classname="org.base.Sample11">
    <skipped/>
  </testcase> <!-- tc1 -->
  <testcase name="tc1" time="0.0" classname="org.base.Sample11">
    <skipped/>
  </testcase> <!-- tc1 -->
  <testcase name="tc1" time="0.001" classname="org.base.Sample11">
    <skipped/>
  </testcase> <!-- tc1 -->
  <testcase name="tc1" time="0.0" classname="org.base.Sample11">
    <skipped/>
  </testcase> <!-- tc1 -->
  <testcase name="tc1" time="0.0" classname="org.base.Sample11">
    <skipped/>
  </testcase> <!-- tc1 -->
  <testcase name="tc1" time="0.0" classname="org.base.Sample11">
    <skipped/>
  </testcase> <!-- tc1 -->
  <testcase name="tc1" time="0.0" classname="org.base.Sample11">
    <skipped/>
  </testcase> <!-- tc1 -->
  <testcase name="tc1" time="0.0" classname="org.base.Sample11">
    <skipped/>
  </testcase> <!-- tc1 -->
  <testcase name="tc1" time="0.0" classname="org.base.Sample11">
    <skipped/>
  </testcase> <!-- tc1 -->
  <testcase name="tc1" time="0.0" classname="org.base.Sample11">
    <skipped/>
  </testcase> <!-- tc1 -->
  <testcase name="tc1" time="0.0" classname="org.base.Sample11">
    <skipped/>
  </testcase> <!-- tc1 -->
  <testcase name="tc1" time="0.0" classname="org.base.Sample11">
    <skipped/>
  </testcase> <!-- tc1 -->
  <testcase name="tc1" time="0.0" classname="org.base.Sample11">
    <skipped/>
  </testcase> <!-- tc1 -->
  <testcase name="tc1" time="0.0" classname="org.base.Sample11">
    <skipped/>
  </testcase> <!-- tc1 -->
  <testcase name="tc1" time="0.0" classname="org.base.Sample11">
    <skipped/>
  </testcase> <!-- tc1 -->
  <testcase name="tc1" time="0.0" classname="org.base.Sample11">
    <failure type="java.lang.AssertionError" message="expected [true] but found [false]">
      <![CDATA[java.lang.AssertionError: expected [true] but found [false]
at org.base.Sample11.tc1(Sample11.java:14)
... Removed 28 stack frames]]>
    </failure>
  </testcase> <!-- tc1 -->
  <testcase name="tc3" time="0.0" classname="org.base.Sample11"/>
</testsuite> <!-- Test -->
