<?xml version="1.0" encoding="UTF-8"?>
<testng-results skipped="0" failed="2" ignored="0" total="10" passed="8">
  <reporter-output>
  </reporter-output>
  <suite name="Default suite" duration-ms="19746" started-at="2021-04-11T10:16:21Z" finished-at="2021-04-11T10:16:41Z">
    <groups>
    </groups>
    <test name="Default test" duration-ms="19746" started-at="2021-04-11T10:16:21Z" finished-at="2021-04-11T10:16:41Z">
      <class name="org.base.FlightBooking">
        <test-method status="PASS" signature="beforeClass()[pri:0, instance:org.base.FlightBooking@553f17c]" name="beforeClass" is-config="true" duration-ms="6211" started-at="2021-04-11T10:16:21Z" finished-at="2021-04-11T10:16:27Z">
          <reporter-output>
          </reporter-output>
        </test-method> <!-- beforeClass -->
        <test-method status="PASS" signature="launchTravelPage()[pri:1, instance:org.base.FlightBooking@553f17c]" name="launchTravelPage" duration-ms="23" started-at="2021-04-11T10:16:27Z" finished-at="2021-04-11T10:16:27Z">
          <reporter-output>
          </reporter-output>
        </test-method> <!-- launchTravelPage -->
        <test-method status="PASS" signature="selectSrcndDest()[pri:2, instance:org.base.FlightBooking@553f17c]" name="selectSrcndDest" duration-ms="684" started-at="2021-04-11T10:16:27Z" finished-at="2021-04-11T10:16:28Z">
          <reporter-output>
          </reporter-output>
        </test-method> <!-- selectSrcndDest -->
        <test-method status="PASS" signature="selectDest()[pri:3, instance:org.base.FlightBooking@553f17c]" name="selectDest" duration-ms="540" started-at="2021-04-11T10:16:28Z" finished-at="2021-04-11T10:16:28Z">
          <reporter-output>
          </reporter-output>
        </test-method> <!-- selectDest -->
        <test-method status="PASS" signature="buttonFind()[pri:4, instance:org.base.FlightBooking@553f17c]" name="buttonFind" duration-ms="605" started-at="2021-04-11T10:16:28Z" finished-at="2021-04-11T10:16:29Z">
          <reporter-output>
          </reporter-output>
        </test-method> <!-- buttonFind -->
        <test-method status="PASS" signature="secondPage()[pri:5, instance:org.base.FlightBooking@553f17c]" name="secondPage" duration-ms="7" started-at="2021-04-11T10:16:29Z" finished-at="2021-04-11T10:16:29Z">
          <reporter-output>
          </reporter-output>
        </test-method> <!-- secondPage -->
        <test-method status="FAIL" signature="chooseFlight()[pri:6, instance:org.base.FlightBooking@553f17c]" name="chooseFlight" duration-ms="184" started-at="2021-04-11T10:16:29Z" finished-at="2021-04-11T10:16:29Z">
          <exception class="java.lang.NullPointerException">
            <full-stacktrace>
              <![CDATA[java.lang.NullPointerException
at java.util.TreeMap.compare(Unknown Source)
at java.util.TreeMap.put(Unknown Source)
at java.util.TreeSet.add(Unknown Source)
at org.base.FlightBooking.chooseFlight(FlightBooking.java:131)
at sun.reflect.NativeMethodAccessorImpl.invoke0(Native Method)
at sun.reflect.NativeMethodAccessorImpl.invoke(Unknown Source)
at sun.reflect.DelegatingMethodAccessorImpl.invoke(Unknown Source)
at java.lang.reflect.Method.invoke(Unknown Source)
at org.testng.internal.MethodInvocationHelper.invokeMethod(MethodInvocationHelper.java:124)
at org.testng.internal.Invoker.invokeMethod(Invoker.java:583)
at org.testng.internal.Invoker.invokeTestMethod(Invoker.java:719)
at org.testng.internal.Invoker.invokeTestMethods(Invoker.java:989)
at org.testng.internal.TestMethodWorker.invokeTestMethods(TestMethodWorker.java:125)
at org.testng.internal.TestMethodWorker.run(TestMethodWorker.java:109)
at org.testng.TestRunner.privateRun(TestRunner.java:648)
at org.testng.TestRunner.run(TestRunner.java:505)
at org.testng.SuiteRunner.runTest(SuiteRunner.java:455)
at org.testng.SuiteRunner.runSequentially(SuiteRunner.java:450)
at org.testng.SuiteRunner.privateRun(SuiteRunner.java:415)
at org.testng.SuiteRunner.run(SuiteRunner.java:364)
at org.testng.SuiteRunnerWorker.runSuite(SuiteRunnerWorker.java:52)
at org.testng.SuiteRunnerWorker.run(SuiteRunnerWorker.java:84)
at org.testng.TestNG.runSuitesSequentially(TestNG.java:1208)
at org.testng.TestNG.runSuitesLocally(TestNG.java:1137)
at org.testng.TestNG.runSuites(TestNG.java:1049)
at org.testng.TestNG.run(TestNG.java:1017)
at org.testng.remote.AbstractRemoteTestNG.run(AbstractRemoteTestNG.java:132)
at org.testng.remote.RemoteTestNG.initAndRun(RemoteTestNG.java:230)
at org.testng.remote.RemoteTestNG.main(RemoteTestNG.java:76)
]]>
            </full-stacktrace>
          </exception> <!-- java.lang.NullPointerException -->
          <reporter-output>
          </reporter-output>
        </test-method> <!-- chooseFlight -->
        <test-method status="PASS" signature="thirdPage()[pri:7, instance:org.base.FlightBooking@553f17c]" name="thirdPage" duration-ms="12" started-at="2021-04-11T10:16:29Z" finished-at="2021-04-11T10:16:29Z">
          <reporter-output>
          </reporter-output>
        </test-method> <!-- thirdPage -->
        <test-method status="FAIL" signature="valuePassing()[pri:8, instance:org.base.FlightBooking@553f17c]" name="valuePassing" duration-ms="57" started-at="2021-04-11T10:16:29Z" finished-at="2021-04-11T10:16:29Z">
          <exception class="org.openqa.selenium.NoSuchElementException">
            <message>
              <![CDATA[no such element: Unable to locate element: {"method":"css selector","selector":"#inputName"}
  (Session info: chrome=89.0.4389.114)
For documentation on this error, please visit: https://www.seleniumhq.org/exceptions/no_such_element.html
Build info: version: '3.141.59', revision: 'e82be7d358', time: '2018-11-14T08:17:03'
System info: host: 'LAPTOP-L2V0QH37', ip: '192.168.1.13', os.name: 'Windows 10', os.arch: 'amd64', os.version: '10.0', java.version: '1.8.0_281'
Driver info: org.openqa.selenium.chrome.ChromeDriver
Capabilities {acceptInsecureCerts: false, browserName: chrome, browserVersion: 89.0.4389.114, chrome: {chromedriverVersion: 89.0.4389.23 (61b08ee2c5002..., userDataDir: C:\Users\Raj\AppData\Local\...}, goog:chromeOptions: {debuggerAddress: localhost:54264}, javascriptEnabled: true, networkConnectionEnabled: false, pageLoadStrategy: normal, platform: WINDOWS, platformName: WINDOWS, proxy: Proxy(), setWindowRect: true, strictFileInteractability: false, timeouts: {implicit: 0, pageLoad: 300000, script: 30000}, unhandledPromptBehavior: dismiss and notify, webauthn:extension:largeBlob: true, webauthn:virtualAuthenticators: true}
Session ID: 1cec02ab32179e3b912415c9324d32cc
*** Element info: {Using=id, value=inputName}]]>
            </message>
            <full-stacktrace>
              <![CDATA[org.openqa.selenium.NoSuchElementException: no such element: Unable to locate element: {"method":"css selector","selector":"#inputName"}
  (Session info: chrome=89.0.4389.114)
For documentation on this error, please visit: https://www.seleniumhq.org/exceptions/no_such_element.html
Build info: version: '3.141.59', revision: 'e82be7d358', time: '2018-11-14T08:17:03'
System info: host: 'LAPTOP-L2V0QH37', ip: '192.168.1.13', os.name: 'Windows 10', os.arch: 'amd64', os.version: '10.0', java.version: '1.8.0_281'
Driver info: org.openqa.selenium.chrome.ChromeDriver
Capabilities {acceptInsecureCerts: false, browserName: chrome, browserVersion: 89.0.4389.114, chrome: {chromedriverVersion: 89.0.4389.23 (61b08ee2c5002..., userDataDir: C:\Users\Raj\AppData\Local\...}, goog:chromeOptions: {debuggerAddress: localhost:54264}, javascriptEnabled: true, networkConnectionEnabled: false, pageLoadStrategy: normal, platform: WINDOWS, platformName: WINDOWS, proxy: Proxy(), setWindowRect: true, strictFileInteractability: false, timeouts: {implicit: 0, pageLoad: 300000, script: 30000}, unhandledPromptBehavior: dismiss and notify, webauthn:extension:largeBlob: true, webauthn:virtualAuthenticators: true}
Session ID: 1cec02ab32179e3b912415c9324d32cc
*** Element info: {Using=id, value=inputName}
at sun.reflect.NativeConstructorAccessorImpl.newInstance0(Native Method)
at sun.reflect.NativeConstructorAccessorImpl.newInstance(Unknown Source)
at sun.reflect.DelegatingConstructorAccessorImpl.newInstance(Unknown Source)
at java.lang.reflect.Constructor.newInstance(Unknown Source)
at org.openqa.selenium.remote.http.W3CHttpResponseCodec.createException(W3CHttpResponseCodec.java:187)
at org.openqa.selenium.remote.http.W3CHttpResponseCodec.decode(W3CHttpResponseCodec.java:122)
at org.openqa.selenium.remote.http.W3CHttpResponseCodec.decode(W3CHttpResponseCodec.java:49)
at org.openqa.selenium.remote.HttpCommandExecutor.execute(HttpCommandExecutor.java:158)
at org.openqa.selenium.remote.service.DriverCommandExecutor.execute(DriverCommandExecutor.java:83)
at org.openqa.selenium.remote.RemoteWebDriver.execute(RemoteWebDriver.java:552)
at org.openqa.selenium.remote.RemoteWebDriver.findElement(RemoteWebDriver.java:323)
at org.openqa.selenium.remote.RemoteWebDriver.findElementById(RemoteWebDriver.java:372)
at org.openqa.selenium.By$ById.findElement(By.java:188)
at org.openqa.selenium.remote.RemoteWebDriver.findElement(RemoteWebDriver.java:315)
at org.base.FlightBooking.valuePassing(FlightBooking.java:153)
at sun.reflect.NativeMethodAccessorImpl.invoke0(Native Method)
at sun.reflect.NativeMethodAccessorImpl.invoke(Unknown Source)
at sun.reflect.DelegatingMethodAccessorImpl.invoke(Unknown Source)
at java.lang.reflect.Method.invoke(Unknown Source)
at org.testng.internal.MethodInvocationHelper.invokeMethod(MethodInvocationHelper.java:124)
at org.testng.internal.Invoker.invokeMethod(Invoker.java:583)
at org.testng.internal.Invoker.invokeTestMethod(Invoker.java:719)
at org.testng.internal.Invoker.invokeTestMethods(Invoker.java:989)
at org.testng.internal.TestMethodWorker.invokeTestMethods(TestMethodWorker.java:125)
at org.testng.internal.TestMethodWorker.run(TestMethodWorker.java:109)
at org.testng.TestRunner.privateRun(TestRunner.java:648)
at org.testng.TestRunner.run(TestRunner.java:505)
at org.testng.SuiteRunner.runTest(SuiteRunner.java:455)
at org.testng.SuiteRunner.runSequentially(SuiteRunner.java:450)
at org.testng.SuiteRunner.privateRun(SuiteRunner.java:415)
at org.testng.SuiteRunner.run(SuiteRunner.java:364)
at org.testng.SuiteRunnerWorker.runSuite(SuiteRunnerWorker.java:52)
at org.testng.SuiteRunnerWorker.run(SuiteRunnerWorker.java:84)
at org.testng.TestNG.runSuitesSequentially(TestNG.java:1208)
at org.testng.TestNG.runSuitesLocally(TestNG.java:1137)
at org.testng.TestNG.runSuites(TestNG.java:1049)
at org.testng.TestNG.run(TestNG.java:1017)
at org.testng.remote.AbstractRemoteTestNG.run(AbstractRemoteTestNG.java:132)
at org.testng.remote.RemoteTestNG.initAndRun(RemoteTestNG.java:230)
at org.testng.remote.RemoteTestNG.main(RemoteTestNG.java:76)
]]>
            </full-stacktrace>
          </exception> <!-- org.openqa.selenium.NoSuchElementException -->
          <reporter-output>
          </reporter-output>
        </test-method> <!-- valuePassing -->
        <test-method status="PASS" signature="fourtPage()[pri:9, instance:org.base.FlightBooking@553f17c]" name="fourtPage" duration-ms="11" started-at="2021-04-11T10:16:29Z" finished-at="2021-04-11T10:16:29Z">
          <reporter-output>
          </reporter-output>
        </test-method> <!-- fourtPage -->
        <test-method status="PASS" signature="bookingDetails()[pri:10, instance:org.base.FlightBooking@553f17c]" name="bookingDetails" duration-ms="342" started-at="2021-04-11T10:16:29Z" finished-at="2021-04-11T10:16:30Z">
          <reporter-output>
          </reporter-output>
        </test-method> <!-- bookingDetails -->
        <test-method status="PASS" signature="afterClass()[pri:0, instance:org.base.FlightBooking@553f17c]" name="afterClass" is-config="true" duration-ms="11016" started-at="2021-04-11T10:16:30Z" finished-at="2021-04-11T10:16:41Z">
          <reporter-output>
          </reporter-output>
        </test-method> <!-- afterClass -->
      </class> <!-- org.base.FlightBooking -->
    </test> <!-- Default test -->
  </suite> <!-- Default suite -->
</testng-results>
